<?xml version="1.0" encoding="UTF-8"?>
<testsuite xmlns:xsi="http://www.w3.org/2001/XMLSchema-instance" xsi:noNamespaceSchemaLocation="https://maven.apache.org/surefire/maven-surefire-plugin/xsd/surefire-test-report-3.0.xsd" version="3.0" name="com.petstore.TestRunner" time="4.413" tests="5" errors="0" skipped="0" failures="0">
  <properties>
[...]
</properties>
  <testcase name="[1.1:23] Crear una nueva mascota con datos externos" classname="TestPet" time="0.923">
    <system-out><![CDATA[15:56:55.568 [main] DEBUG com.jayway.jsonpath.internal.path.CompiledPath - Evaluating path: $
15:56:55.611 [main] DEBUG com.jayway.jsonpath.internal.path.CompiledPath - Evaluating path: $
15:56:55.638 [main] DEBUG io.netty.util.internal.logging.InternalLoggerFactory - Using SLF4J as the default logging framework
15:56:55.640 [main] DEBUG io.netty.util.internal.PlatformDependent0 - -Dio.netty.noUnsafe: false
15:56:55.640 [main] DEBUG io.netty.util.internal.PlatformDependent0 - Java version: 17
15:56:55.641 [main] DEBUG io.netty.util.internal.PlatformDependent0 - sun.misc.Unsafe.theUnsafe: available
15:56:55.641 [main] DEBUG io.netty.util.internal.PlatformDependent0 - sun.misc.Unsafe.copyMemory: available
15:56:55.642 [main] DEBUG io.netty.util.internal.PlatformDependent0 - sun.misc.Unsafe.storeFence: available
15:56:55.642 [main] DEBUG io.netty.util.internal.PlatformDependent0 - java.nio.Buffer.address: available
15:56:55.643 [main] DEBUG io.netty.util.internal.PlatformDependent0 - direct buffer constructor: unavailable: Reflective setAccessible(true) disabled
15:56:55.644 [main] DEBUG io.netty.util.internal.PlatformDependent0 - java.nio.Bits.unaligned: available, true
15:56:55.645 [main] DEBUG io.netty.util.internal.PlatformDependent0 - jdk.internal.misc.Unsafe.allocateUninitializedArray(int): unavailable: class io.netty.util.internal.PlatformDependent0$7 cannot access class jdk.internal.misc.Unsafe (in module java.base) because module java.base does not export jdk.internal.misc to unnamed module @706a04ae
15:56:55.646 [main] DEBUG io.netty.util.internal.PlatformDependent0 - java.nio.DirectByteBuffer.<init>(long, int): unavailable
15:56:55.646 [main] DEBUG io.netty.util.internal.PlatformDependent - sun.misc.Unsafe: available
15:56:55.648 [main] DEBUG io.netty.util.internal.PlatformDependent - maxDirectMemory: 4179623936 bytes (maybe)
15:56:55.648 [main] DEBUG io.netty.util.internal.PlatformDependent - -Dio.netty.tmpdir: C:\Users\joseo\AppData\Local\Temp (java.io.tmpdir)
15:56:55.648 [main] DEBUG io.netty.util.internal.PlatformDependent - -Dio.netty.bitMode: 64 (sun.arch.data.model)
15:56:55.649 [main] DEBUG io.netty.util.internal.PlatformDependent - Platform: Windows
15:56:55.650 [main] DEBUG io.netty.util.internal.PlatformDependent - -Dio.netty.maxDirectMemory: -1 bytes
15:56:55.650 [main] DEBUG io.netty.util.internal.PlatformDependent - -Dio.netty.uninitializedArrayAllocationThreshold: -1
15:56:55.651 [main] DEBUG io.netty.util.internal.CleanerJava9 - java.nio.ByteBuffer.cleaner(): available
15:56:55.651 [main] DEBUG io.netty.util.internal.PlatformDependent - -Dio.netty.noPreferDirect: false
15:56:55.922 [main] DEBUG org.apache.http.client.protocol.RequestAddCookies - CookieSpec selected: karate
15:56:55.933 [main] DEBUG org.apache.http.client.protocol.RequestAuthCache - Auth cache not set in the context
15:56:55.934 [main] DEBUG com.intuit.karate - request:
1 > POST https://petstore.swagger.io/v2/pet
1 > Content-Type: application/json; charset=UTF-8
1 > Content-Length: 83
1 > Host: petstore.swagger.io
1 > Connection: Keep-Alive
1 > User-Agent: Apache-HttpClient/4.5.14 (Java/17.0.17)
1 > Accept-Encoding: gzip,deflate
{"id":77777,"name":"Gordo","category":{"id":1,"name":"Perro"},"status":"available"}

15:56:55.935 [main] DEBUG org.apache.http.impl.conn.PoolingHttpClientConnectionManager - Connection request: [route: {s}->https://petstore.swagger.io:443][total available: 0; route allocated: 0 of 5; total allocated: 0 of 10]
15:56:55.941 [main] DEBUG org.apache.http.impl.conn.PoolingHttpClientConnectionManager - Connection leased: [id: 0][route: {s}->https://petstore.swagger.io:443][total available: 0; route allocated: 1 of 5; total allocated: 1 of 10]
15:56:55.942 [main] DEBUG org.apache.http.impl.execchain.MainClientExec - Opening connection {s}->https://petstore.swagger.io:443
15:56:55.995 [main] DEBUG org.apache.http.impl.conn.DefaultHttpClientConnectionOperator - Connecting to petstore.swagger.io/100.51.154.52:443
15:56:55.996 [main] DEBUG org.apache.http.conn.ssl.SSLConnectionSocketFactory - Connecting socket to petstore.swagger.io/100.51.154.52:443 with timeout 30000
15:56:56.112 [main] DEBUG org.apache.http.conn.ssl.SSLConnectionSocketFactory - Enabled protocols: [TLSv1.3, TLSv1.2]
15:56:56.112 [main] DEBUG org.apache.http.conn.ssl.SSLConnectionSocketFactory - Enabled cipher suites:[TLS_AES_256_GCM_SHA384, TLS_AES_128_GCM_SHA256, TLS_CHACHA20_POLY1305_SHA256, TLS_ECDHE_ECDSA_WITH_AES_256_GCM_SHA384, TLS_ECDHE_ECDSA_WITH_AES_128_GCM_SHA256, TLS_ECDHE_ECDSA_WITH_CHACHA20_POLY1305_SHA256, TLS_ECDHE_RSA_WITH_AES_256_GCM_SHA384, TLS_ECDHE_RSA_WITH_CHACHA20_POLY1305_SHA256, TLS_ECDHE_RSA_WITH_AES_128_GCM_SHA256, TLS_DHE_RSA_WITH_AES_256_GCM_SHA384, TLS_DHE_RSA_WITH_CHACHA20_POLY1305_SHA256, TLS_DHE_DSS_WITH_AES_256_GCM_SHA384, TLS_DHE_RSA_WITH_AES_128_GCM_SHA256, TLS_DHE_DSS_WITH_AES_128_GCM_SHA256, TLS_ECDHE_ECDSA_WITH_AES_256_CBC_SHA384, TLS_ECDHE_RSA_WITH_AES_256_CBC_SHA384, TLS_ECDHE_ECDSA_WITH_AES_128_CBC_SHA256, TLS_ECDHE_RSA_WITH_AES_128_CBC_SHA256, TLS_DHE_RSA_WITH_AES_256_CBC_SHA256, TLS_DHE_DSS_WITH_AES_256_CBC_SHA256, TLS_DHE_RSA_WITH_AES_128_CBC_SHA256, TLS_DHE_DSS_WITH_AES_128_CBC_SHA256, TLS_ECDHE_ECDSA_WITH_AES_256_CBC_SHA, TLS_ECDHE_RSA_WITH_AES_256_CBC_SHA, TLS_ECDHE_ECDSA_WITH_AES_128_CBC_SHA, TLS_ECDHE_RSA_WITH_AES_128_CBC_SHA, TLS_DHE_RSA_WITH_AES_256_CBC_SHA, TLS_DHE_DSS_WITH_AES_256_CBC_SHA, TLS_DHE_RSA_WITH_AES_128_CBC_SHA, TLS_DHE_DSS_WITH_AES_128_CBC_SHA, TLS_RSA_WITH_AES_256_GCM_SHA384, TLS_RSA_WITH_AES_128_GCM_SHA256, TLS_RSA_WITH_AES_256_CBC_SHA256, TLS_RSA_WITH_AES_128_CBC_SHA256, TLS_RSA_WITH_AES_256_CBC_SHA, TLS_RSA_WITH_AES_128_CBC_SHA, TLS_EMPTY_RENEGOTIATION_INFO_SCSV]
15:56:56.112 [main] DEBUG org.apache.http.conn.ssl.SSLConnectionSocketFactory - Starting handshake
15:56:56.357 [main] DEBUG org.apache.http.conn.ssl.SSLConnectionSocketFactory - Secure session established
15:56:56.357 [main] DEBUG org.apache.http.conn.ssl.SSLConnectionSocketFactory -  negotiated protocol: TLSv1.2
15:56:56.357 [main] DEBUG org.apache.http.conn.ssl.SSLConnectionSocketFactory -  negotiated cipher suite: TLS_ECDHE_RSA_WITH_AES_128_GCM_SHA256
15:56:56.357 [main] DEBUG org.apache.http.conn.ssl.SSLConnectionSocketFactory -  peer principal: CN=*.swagger.io
15:56:56.358 [main] DEBUG org.apache.http.conn.ssl.SSLConnectionSocketFactory -  peer alternative names: [*.swagger.io]
15:56:56.358 [main] DEBUG org.apache.http.conn.ssl.SSLConnectionSocketFactory -  issuer principal: CN=Amazon RSA 2048 M04, O=Amazon, C=US
15:56:56.365 [main] DEBUG org.apache.http.impl.conn.DefaultHttpClientConnectionOperator - Connection established 192.168.18.5:56258<->100.51.154.52:443
15:56:56.366 [main] DEBUG org.apache.http.impl.conn.DefaultManagedHttpClientConnection - http-outgoing-0: set socket timeout to 30000
15:56:56.366 [main] DEBUG org.apache.http.impl.execchain.MainClientExec - Executing request POST /v2/pet HTTP/1.1
15:56:56.366 [main] DEBUG org.apache.http.impl.execchain.MainClientExec - Target auth state: UNCHALLENGED
15:56:56.366 [main] DEBUG org.apache.http.impl.execchain.MainClientExec - Proxy auth state: UNCHALLENGED
15:56:56.367 [main] DEBUG org.apache.http.headers - http-outgoing-0 >> POST /v2/pet HTTP/1.1
15:56:56.367 [main] DEBUG org.apache.http.headers - http-outgoing-0 >> Content-Type: application/json; charset=UTF-8
15:56:56.367 [main] DEBUG org.apache.http.headers - http-outgoing-0 >> Content-Length: 83
15:56:56.367 [main] DEBUG org.apache.http.headers - http-outgoing-0 >> Host: petstore.swagger.io
15:56:56.367 [main] DEBUG org.apache.http.headers - http-outgoing-0 >> Connection: Keep-Alive
15:56:56.367 [main] DEBUG org.apache.http.headers - http-outgoing-0 >> User-Agent: Apache-HttpClient/4.5.14 (Java/17.0.17)
15:56:56.367 [main] DEBUG org.apache.http.headers - http-outgoing-0 >> Accept-Encoding: gzip,deflate
15:56:56.367 [main] DEBUG org.apache.http.wire - http-outgoing-0 >> "POST /v2/pet HTTP/1.1[\r][\n]"
15:56:56.367 [main] DEBUG org.apache.http.wire - http-outgoing-0 >> "Content-Type: application/json; charset=UTF-8[\r][\n]"
15:56:56.367 [main] DEBUG org.apache.http.wire - http-outgoing-0 >> "Content-Length: 83[\r][\n]"
15:56:56.367 [main] DEBUG org.apache.http.wire - http-outgoing-0 >> "Host: petstore.swagger.io[\r][\n]"
15:56:56.367 [main] DEBUG org.apache.http.wire - http-outgoing-0 >> "Connection: Keep-Alive[\r][\n]"
15:56:56.367 [main] DEBUG org.apache.http.wire - http-outgoing-0 >> "User-Agent: Apache-HttpClient/4.5.14 (Java/17.0.17)[\r][\n]"
15:56:56.367 [main] DEBUG org.apache.http.wire - http-outgoing-0 >> "Accept-Encoding: gzip,deflate[\r][\n]"
15:56:56.367 [main] DEBUG org.apache.http.wire - http-outgoing-0 >> "[\r][\n]"
15:56:56.367 [main] DEBUG org.apache.http.wire - http-outgoing-0 >> "{"id":77777,"name":"Gordo","category":{"id":1,"name":"Perro"},"status":"available"}"
15:56:56.454 [main] DEBUG org.apache.http.wire - http-outgoing-0 << "HTTP/1.1 200 OK[\r][\n]"
15:56:56.454 [main] DEBUG org.apache.http.wire - http-outgoing-0 << "Date: Thu, 15 Jan 2026 20:56:56 GMT[\r][\n]"
15:56:56.454 [main] DEBUG org.apache.http.wire - http-outgoing-0 << "Content-Type: application/json[\r][\n]"
15:56:56.455 [main] DEBUG org.apache.http.wire - http-outgoing-0 << "Transfer-Encoding: chunked[\r][\n]"
15:56:56.455 [main] DEBUG org.apache.http.wire - http-outgoing-0 << "Connection: keep-alive[\r][\n]"
15:56:56.455 [main] DEBUG org.apache.http.wire - http-outgoing-0 << "Access-Control-Allow-Origin: *[\r][\n]"
15:56:56.455 [main] DEBUG org.apache.http.wire - http-outgoing-0 << "Access-Control-Allow-Methods: GET, POST, DELETE, PUT[\r][\n]"
15:56:56.455 [main] DEBUG org.apache.http.wire - http-outgoing-0 << "Access-Control-Allow-Headers: Content-Type, api_key, Authorization[\r][\n]"
15:56:56.455 [main] DEBUG org.apache.http.wire - http-outgoing-0 << "Server: Jetty(9.2.9.v20150224)[\r][\n]"
15:56:56.455 [main] DEBUG org.apache.http.wire - http-outgoing-0 << "[\r][\n]"
15:56:56.455 [main] DEBUG org.apache.http.wire - http-outgoing-0 << "6c[\r][\n]"
15:56:56.455 [main] DEBUG org.apache.http.wire - http-outgoing-0 << "{"id":77777,"category":{"id":1,"name":"Perro"},"name":"Gordo","photoUrls":[],"tags":[],"status":"available"}[\r][\n]"
15:56:56.458 [main] DEBUG org.apache.http.headers - http-outgoing-0 << HTTP/1.1 200 OK
15:56:56.458 [main] DEBUG org.apache.http.headers - http-outgoing-0 << Date: Thu, 15 Jan 2026 20:56:56 GMT
15:56:56.458 [main] DEBUG org.apache.http.headers - http-outgoing-0 << Content-Type: application/json
15:56:56.458 [main] DEBUG org.apache.http.headers - http-outgoing-0 << Transfer-Encoding: chunked
15:56:56.458 [main] DEBUG org.apache.http.headers - http-outgoing-0 << Connection: keep-alive
15:56:56.458 [main] DEBUG org.apache.http.headers - http-outgoing-0 << Access-Control-Allow-Origin: *
15:56:56.458 [main] DEBUG org.apache.http.headers - http-outgoing-0 << Access-Control-Allow-Methods: GET, POST, DELETE, PUT
15:56:56.458 [main] DEBUG org.apache.http.headers - http-outgoing-0 << Access-Control-Allow-Headers: Content-Type, api_key, Authorization
15:56:56.458 [main] DEBUG org.apache.http.headers - http-outgoing-0 << Server: Jetty(9.2.9.v20150224)
15:56:56.460 [main] DEBUG org.apache.http.impl.execchain.MainClientExec - Connection can be kept alive indefinitely
15:56:56.462 [main] DEBUG org.apache.http.wire - http-outgoing-0 << "0[\r][\n]"
15:56:56.462 [main] DEBUG org.apache.http.wire - http-outgoing-0 << "[\r][\n]"
15:56:56.463 [main] DEBUG org.apache.http.impl.conn.PoolingHttpClientConnectionManager - Connection [id: 0][route: {s}->https://petstore.swagger.io:443] can be kept alive indefinitely
15:56:56.463 [main] DEBUG org.apache.http.impl.conn.DefaultManagedHttpClientConnection - http-outgoing-0: set socket timeout to 0
15:56:56.463 [main] DEBUG org.apache.http.impl.conn.PoolingHttpClientConnectionManager - Connection released: [id: 0][route: {s}->https://petstore.swagger.io:443][total available: 1; route allocated: 1 of 5; total allocated: 1 of 10]
15:56:56.463 [main] DEBUG org.apache.http.impl.conn.PoolingHttpClientConnectionManager - Connection manager is shutting down
15:56:56.464 [main] DEBUG org.apache.http.impl.conn.DefaultManagedHttpClientConnection - http-outgoing-0: Close connection
15:56:56.466 [main] DEBUG org.apache.http.impl.conn.PoolingHttpClientConnectionManager - Connection manager shut down
15:56:56.467 [main] DEBUG com.intuit.karate - response time in milliseconds: 529
1 < 200
1 < Date: Thu, 15 Jan 2026 20:56:56 GMT
1 < Content-Type: application/json
1 < Transfer-Encoding: chunked
1 < Connection: keep-alive
1 < Access-Control-Allow-Origin: *
1 < Access-Control-Allow-Methods: GET, POST, DELETE, PUT
1 < Access-Control-Allow-Headers: Content-Type, api_key, Authorization
1 < Server: Jetty(9.2.9.v20150224)
{"id":77777,"category":{"id":1,"name":"Perro"},"name":"Gordo","photoUrls":[],"tags":[],"status":"available"}

15:56:56.487 [main] DEBUG com.jayway.jsonpath.internal.path.CompiledPath - Evaluating path: $['id']
15:56:56.508 [main] INFO com.intuit.karate - [print] {
  "id": 77777,
  "category": {
    "id": 1,
    "name": "Perro"
  },
  "name": "Gordo",
  "photoUrls": [
  ],
  "tags": [
  ],
  "status": "available"
}
 
]]></system-out>
  </testcase>
  <testcase name="[1.2:23] Crear una nueva mascota con datos externos" classname="TestPet" time="0.3">
    <system-out><![CDATA[15:56:56.520 [main] DEBUG com.jayway.jsonpath.internal.path.CompiledPath - Evaluating path: $
15:56:56.521 [main] DEBUG org.apache.http.client.protocol.RequestAddCookies - CookieSpec selected: karate
15:56:56.521 [main] DEBUG org.apache.http.client.protocol.RequestAuthCache - Auth cache not set in the context
15:56:56.521 [main] DEBUG com.intuit.karate - request:
1 > POST https://petstore.swagger.io/v2/pet
1 > Content-Type: application/json; charset=UTF-8
1 > Content-Length: 82
1 > Host: petstore.swagger.io
1 > Connection: Keep-Alive
1 > User-Agent: Apache-HttpClient/4.5.14 (Java/17.0.17)
1 > Accept-Encoding: gzip,deflate
{"id":55559,"name":"Zeus","category":{"id":1,"name":"Perro"},"status":"available"}

15:56:56.521 [main] DEBUG org.apache.http.impl.conn.PoolingHttpClientConnectionManager - Connection request: [route: {s}->https://petstore.swagger.io:443][total available: 0; route allocated: 0 of 5; total allocated: 0 of 10]
15:56:56.521 [main] DEBUG org.apache.http.impl.conn.PoolingHttpClientConnectionManager - Connection leased: [id: 1][route: {s}->https://petstore.swagger.io:443][total available: 0; route allocated: 1 of 5; total allocated: 1 of 10]
15:56:56.521 [main] DEBUG org.apache.http.impl.execchain.MainClientExec - Opening connection {s}->https://petstore.swagger.io:443
15:56:56.521 [main] DEBUG org.apache.http.impl.conn.DefaultHttpClientConnectionOperator - Connecting to petstore.swagger.io/100.51.154.52:443
15:56:56.521 [main] DEBUG org.apache.http.conn.ssl.SSLConnectionSocketFactory - Connecting socket to petstore.swagger.io/100.51.154.52:443 with timeout 30000
15:56:56.606 [main] DEBUG org.apache.http.conn.ssl.SSLConnectionSocketFactory - Enabled protocols: [TLSv1.3, TLSv1.2]
15:56:56.606 [main] DEBUG org.apache.http.conn.ssl.SSLConnectionSocketFactory - Enabled cipher suites:[TLS_AES_256_GCM_SHA384, TLS_AES_128_GCM_SHA256, TLS_CHACHA20_POLY1305_SHA256, TLS_ECDHE_ECDSA_WITH_AES_256_GCM_SHA384, TLS_ECDHE_ECDSA_WITH_AES_128_GCM_SHA256, TLS_ECDHE_ECDSA_WITH_CHACHA20_POLY1305_SHA256, TLS_ECDHE_RSA_WITH_AES_256_GCM_SHA384, TLS_ECDHE_RSA_WITH_CHACHA20_POLY1305_SHA256, TLS_ECDHE_RSA_WITH_AES_128_GCM_SHA256, TLS_DHE_RSA_WITH_AES_256_GCM_SHA384, TLS_DHE_RSA_WITH_CHACHA20_POLY1305_SHA256, TLS_DHE_DSS_WITH_AES_256_GCM_SHA384, TLS_DHE_RSA_WITH_AES_128_GCM_SHA256, TLS_DHE_DSS_WITH_AES_128_GCM_SHA256, TLS_ECDHE_ECDSA_WITH_AES_256_CBC_SHA384, TLS_ECDHE_RSA_WITH_AES_256_CBC_SHA384, TLS_ECDHE_ECDSA_WITH_AES_128_CBC_SHA256, TLS_ECDHE_RSA_WITH_AES_128_CBC_SHA256, TLS_DHE_RSA_WITH_AES_256_CBC_SHA256, TLS_DHE_DSS_WITH_AES_256_CBC_SHA256, TLS_DHE_RSA_WITH_AES_128_CBC_SHA256, TLS_DHE_DSS_WITH_AES_128_CBC_SHA256, TLS_ECDHE_ECDSA_WITH_AES_256_CBC_SHA, TLS_ECDHE_RSA_WITH_AES_256_CBC_SHA, TLS_ECDHE_ECDSA_WITH_AES_128_CBC_SHA, TLS_ECDHE_RSA_WITH_AES_128_CBC_SHA, TLS_DHE_RSA_WITH_AES_256_CBC_SHA, TLS_DHE_DSS_WITH_AES_256_CBC_SHA, TLS_DHE_RSA_WITH_AES_128_CBC_SHA, TLS_DHE_DSS_WITH_AES_128_CBC_SHA, TLS_RSA_WITH_AES_256_GCM_SHA384, TLS_RSA_WITH_AES_128_GCM_SHA256, TLS_RSA_WITH_AES_256_CBC_SHA256, TLS_RSA_WITH_AES_128_CBC_SHA256, TLS_RSA_WITH_AES_256_CBC_SHA, TLS_RSA_WITH_AES_128_CBC_SHA, TLS_EMPTY_RENEGOTIATION_INFO_SCSV]
15:56:56.606 [main] DEBUG org.apache.http.conn.ssl.SSLConnectionSocketFactory - Starting handshake
15:56:56.719 [main] DEBUG org.apache.http.conn.ssl.SSLConnectionSocketFactory - Secure session established
15:56:56.719 [main] DEBUG org.apache.http.conn.ssl.SSLConnectionSocketFactory -  negotiated protocol: TLSv1.2
15:56:56.719 [main] DEBUG org.apache.http.conn.ssl.SSLConnectionSocketFactory -  negotiated cipher suite: TLS_ECDHE_RSA_WITH_AES_128_GCM_SHA256
15:56:56.719 [main] DEBUG org.apache.http.conn.ssl.SSLConnectionSocketFactory -  peer principal: CN=*.swagger.io
15:56:56.719 [main] DEBUG org.apache.http.conn.ssl.SSLConnectionSocketFactory -  peer alternative names: [*.swagger.io]
15:56:56.719 [main] DEBUG org.apache.http.conn.ssl.SSLConnectionSocketFactory -  issuer principal: CN=Amazon RSA 2048 M04, O=Amazon, C=US
15:56:56.719 [main] DEBUG org.apache.http.impl.conn.DefaultHttpClientConnectionOperator - Connection established 192.168.18.5:56263<->100.51.154.52:443
15:56:56.719 [main] DEBUG org.apache.http.impl.conn.DefaultManagedHttpClientConnection - http-outgoing-1: set socket timeout to 30000
15:56:56.719 [main] DEBUG org.apache.http.impl.execchain.MainClientExec - Executing request POST /v2/pet HTTP/1.1
15:56:56.719 [main] DEBUG org.apache.http.impl.execchain.MainClientExec - Target auth state: UNCHALLENGED
15:56:56.719 [main] DEBUG org.apache.http.impl.execchain.MainClientExec - Proxy auth state: UNCHALLENGED
15:56:56.719 [main] DEBUG org.apache.http.headers - http-outgoing-1 >> POST /v2/pet HTTP/1.1
15:56:56.719 [main] DEBUG org.apache.http.headers - http-outgoing-1 >> Content-Type: application/json; charset=UTF-8
15:56:56.719 [main] DEBUG org.apache.http.headers - http-outgoing-1 >> Content-Length: 82
15:56:56.719 [main] DEBUG org.apache.http.headers - http-outgoing-1 >> Host: petstore.swagger.io
15:56:56.719 [main] DEBUG org.apache.http.headers - http-outgoing-1 >> Connection: Keep-Alive
15:56:56.719 [main] DEBUG org.apache.http.headers - http-outgoing-1 >> User-Agent: Apache-HttpClient/4.5.14 (Java/17.0.17)
15:56:56.720 [main] DEBUG org.apache.http.headers - http-outgoing-1 >> Accept-Encoding: gzip,deflate
15:56:56.720 [main] DEBUG org.apache.http.wire - http-outgoing-1 >> "POST /v2/pet HTTP/1.1[\r][\n]"
15:56:56.720 [main] DEBUG org.apache.http.wire - http-outgoing-1 >> "Content-Type: application/json; charset=UTF-8[\r][\n]"
15:56:56.720 [main] DEBUG org.apache.http.wire - http-outgoing-1 >> "Content-Length: 82[\r][\n]"
15:56:56.720 [main] DEBUG org.apache.http.wire - http-outgoing-1 >> "Host: petstore.swagger.io[\r][\n]"
15:56:56.720 [main] DEBUG org.apache.http.wire - http-outgoing-1 >> "Connection: Keep-Alive[\r][\n]"
15:56:56.720 [main] DEBUG org.apache.http.wire - http-outgoing-1 >> "User-Agent: Apache-HttpClient/4.5.14 (Java/17.0.17)[\r][\n]"
15:56:56.720 [main] DEBUG org.apache.http.wire - http-outgoing-1 >> "Accept-Encoding: gzip,deflate[\r][\n]"
15:56:56.720 [main] DEBUG org.apache.http.wire - http-outgoing-1 >> "[\r][\n]"
15:56:56.720 [main] DEBUG org.apache.http.wire - http-outgoing-1 >> "{"id":55559,"name":"Zeus","category":{"id":1,"name":"Perro"},"status":"available"}"
15:56:56.805 [main] DEBUG org.apache.http.wire - http-outgoing-1 << "HTTP/1.1 200 OK[\r][\n]"
15:56:56.805 [main] DEBUG org.apache.http.wire - http-outgoing-1 << "Date: Thu, 15 Jan 2026 20:56:56 GMT[\r][\n]"
15:56:56.805 [main] DEBUG org.apache.http.wire - http-outgoing-1 << "Content-Type: application/json[\r][\n]"
15:56:56.805 [main] DEBUG org.apache.http.wire - http-outgoing-1 << "Transfer-Encoding: chunked[\r][\n]"
15:56:56.806 [main] DEBUG org.apache.http.wire - http-outgoing-1 << "Connection: keep-alive[\r][\n]"
15:56:56.806 [main] DEBUG org.apache.http.wire - http-outgoing-1 << "Access-Control-Allow-Origin: *[\r][\n]"
15:56:56.806 [main] DEBUG org.apache.http.wire - http-outgoing-1 << "Access-Control-Allow-Methods: GET, POST, DELETE, PUT[\r][\n]"
15:56:56.806 [main] DEBUG org.apache.http.wire - http-outgoing-1 << "Access-Control-Allow-Headers: Content-Type, api_key, Authorization[\r][\n]"
15:56:56.806 [main] DEBUG org.apache.http.wire - http-outgoing-1 << "Server: Jetty(9.2.9.v20150224)[\r][\n]"
15:56:56.806 [main] DEBUG org.apache.http.wire - http-outgoing-1 << "[\r][\n]"
15:56:56.806 [main] DEBUG org.apache.http.wire - http-outgoing-1 << "6b[\r][\n]"
15:56:56.806 [main] DEBUG org.apache.http.wire - http-outgoing-1 << "{"id":55559,"category":{"id":1,"name":"Perro"},"name":"Zeus","photoUrls":[],"tags":[],"status":"available"}[\r][\n]"
15:56:56.806 [main] DEBUG org.apache.http.headers - http-outgoing-1 << HTTP/1.1 200 OK
15:56:56.806 [main] DEBUG org.apache.http.headers - http-outgoing-1 << Date: Thu, 15 Jan 2026 20:56:56 GMT
15:56:56.806 [main] DEBUG org.apache.http.headers - http-outgoing-1 << Content-Type: application/json
15:56:56.806 [main] DEBUG org.apache.http.headers - http-outgoing-1 << Transfer-Encoding: chunked
15:56:56.806 [main] DEBUG org.apache.http.headers - http-outgoing-1 << Connection: keep-alive
15:56:56.806 [main] DEBUG org.apache.http.headers - http-outgoing-1 << Access-Control-Allow-Origin: *
15:56:56.807 [main] DEBUG org.apache.http.headers - http-outgoing-1 << Access-Control-Allow-Methods: GET, POST, DELETE, PUT
15:56:56.807 [main] DEBUG org.apache.http.headers - http-outgoing-1 << Access-Control-Allow-Headers: Content-Type, api_key, Authorization
15:56:56.807 [main] DEBUG org.apache.http.headers - http-outgoing-1 << Server: Jetty(9.2.9.v20150224)
15:56:56.807 [main] DEBUG org.apache.http.impl.execchain.MainClientExec - Connection can be kept alive indefinitely
15:56:56.807 [main] DEBUG org.apache.http.wire - http-outgoing-1 << "0[\r][\n]"
15:56:56.807 [main] DEBUG org.apache.http.wire - http-outgoing-1 << "[\r][\n]"
15:56:56.807 [main] DEBUG org.apache.http.impl.conn.PoolingHttpClientConnectionManager - Connection [id: 1][route: {s}->https://petstore.swagger.io:443] can be kept alive indefinitely
15:56:56.807 [main] DEBUG org.apache.http.impl.conn.DefaultManagedHttpClientConnection - http-outgoing-1: set socket timeout to 0
15:56:56.808 [main] DEBUG org.apache.http.impl.conn.PoolingHttpClientConnectionManager - Connection released: [id: 1][route: {s}->https://petstore.swagger.io:443][total available: 1; route allocated: 1 of 5; total allocated: 1 of 10]
15:56:56.808 [main] DEBUG org.apache.http.impl.conn.PoolingHttpClientConnectionManager - Connection manager is shutting down
15:56:56.808 [main] DEBUG org.apache.http.impl.conn.DefaultManagedHttpClientConnection - http-outgoing-1: Close connection
15:56:56.809 [main] DEBUG org.apache.http.impl.conn.PoolingHttpClientConnectionManager - Connection manager shut down
15:56:56.809 [main] DEBUG com.intuit.karate - response time in milliseconds: 287
1 < 200
1 < Date: Thu, 15 Jan 2026 20:56:56 GMT
1 < Content-Type: application/json
1 < Transfer-Encoding: chunked
1 < Connection: keep-alive
1 < Access-Control-Allow-Origin: *
1 < Access-Control-Allow-Methods: GET, POST, DELETE, PUT
1 < Access-Control-Allow-Headers: Content-Type, api_key, Authorization
1 < Server: Jetty(9.2.9.v20150224)
{"id":55559,"category":{"id":1,"name":"Perro"},"name":"Zeus","photoUrls":[],"tags":[],"status":"available"}

15:56:56.812 [main] DEBUG com.jayway.jsonpath.internal.path.CompiledPath - Evaluating path: $['id']
15:56:56.813 [main] INFO com.intuit.karate - [print] {
  "id": 55559,
  "category": {
    "id": 1,
    "name": "Perro"
  },
  "name": "Zeus",
  "photoUrls": [
  ],
  "tags": [
  ],
  "status": "available"
}
 
]]></system-out>
  </testcase>
  <testcase name="[2.1:35] Obtener informacion de una mascota existente" classname="TestPet" time="0.272">
    <system-out><![CDATA[15:56:56.826 [main] DEBUG org.apache.http.client.protocol.RequestAddCookies - CookieSpec selected: karate
15:56:56.826 [main] DEBUG org.apache.http.client.protocol.RequestAuthCache - Auth cache not set in the context
15:56:56.826 [main] DEBUG com.intuit.karate - request:
1 > GET https://petstore.swagger.io/v2/pet/55559
1 > Host: petstore.swagger.io
1 > Connection: Keep-Alive
1 > User-Agent: Apache-HttpClient/4.5.14 (Java/17.0.17)
1 > Accept-Encoding: gzip,deflate


15:56:56.826 [main] DEBUG org.apache.http.impl.conn.PoolingHttpClientConnectionManager - Connection request: [route: {s}->https://petstore.swagger.io:443][total available: 0; route allocated: 0 of 5; total allocated: 0 of 10]
15:56:56.826 [main] DEBUG org.apache.http.impl.conn.PoolingHttpClientConnectionManager - Connection leased: [id: 2][route: {s}->https://petstore.swagger.io:443][total available: 0; route allocated: 1 of 5; total allocated: 1 of 10]
15:56:56.826 [main] DEBUG org.apache.http.impl.execchain.MainClientExec - Opening connection {s}->https://petstore.swagger.io:443
15:56:56.826 [main] DEBUG org.apache.http.impl.conn.DefaultHttpClientConnectionOperator - Connecting to petstore.swagger.io/100.51.154.52:443
15:56:56.826 [main] DEBUG org.apache.http.conn.ssl.SSLConnectionSocketFactory - Connecting socket to petstore.swagger.io/100.51.154.52:443 with timeout 30000
15:56:56.911 [main] DEBUG org.apache.http.conn.ssl.SSLConnectionSocketFactory - Enabled protocols: [TLSv1.3, TLSv1.2]
15:56:56.911 [main] DEBUG org.apache.http.conn.ssl.SSLConnectionSocketFactory - Enabled cipher suites:[TLS_AES_256_GCM_SHA384, TLS_AES_128_GCM_SHA256, TLS_CHACHA20_POLY1305_SHA256, TLS_ECDHE_ECDSA_WITH_AES_256_GCM_SHA384, TLS_ECDHE_ECDSA_WITH_AES_128_GCM_SHA256, TLS_ECDHE_ECDSA_WITH_CHACHA20_POLY1305_SHA256, TLS_ECDHE_RSA_WITH_AES_256_GCM_SHA384, TLS_ECDHE_RSA_WITH_CHACHA20_POLY1305_SHA256, TLS_ECDHE_RSA_WITH_AES_128_GCM_SHA256, TLS_DHE_RSA_WITH_AES_256_GCM_SHA384, TLS_DHE_RSA_WITH_CHACHA20_POLY1305_SHA256, TLS_DHE_DSS_WITH_AES_256_GCM_SHA384, TLS_DHE_RSA_WITH_AES_128_GCM_SHA256, TLS_DHE_DSS_WITH_AES_128_GCM_SHA256, TLS_ECDHE_ECDSA_WITH_AES_256_CBC_SHA384, TLS_ECDHE_RSA_WITH_AES_256_CBC_SHA384, TLS_ECDHE_ECDSA_WITH_AES_128_CBC_SHA256, TLS_ECDHE_RSA_WITH_AES_128_CBC_SHA256, TLS_DHE_RSA_WITH_AES_256_CBC_SHA256, TLS_DHE_DSS_WITH_AES_256_CBC_SHA256, TLS_DHE_RSA_WITH_AES_128_CBC_SHA256, TLS_DHE_DSS_WITH_AES_128_CBC_SHA256, TLS_ECDHE_ECDSA_WITH_AES_256_CBC_SHA, TLS_ECDHE_RSA_WITH_AES_256_CBC_SHA, TLS_ECDHE_ECDSA_WITH_AES_128_CBC_SHA, TLS_ECDHE_RSA_WITH_AES_128_CBC_SHA, TLS_DHE_RSA_WITH_AES_256_CBC_SHA, TLS_DHE_DSS_WITH_AES_256_CBC_SHA, TLS_DHE_RSA_WITH_AES_128_CBC_SHA, TLS_DHE_DSS_WITH_AES_128_CBC_SHA, TLS_RSA_WITH_AES_256_GCM_SHA384, TLS_RSA_WITH_AES_128_GCM_SHA256, TLS_RSA_WITH_AES_256_CBC_SHA256, TLS_RSA_WITH_AES_128_CBC_SHA256, TLS_RSA_WITH_AES_256_CBC_SHA, TLS_RSA_WITH_AES_128_CBC_SHA, TLS_EMPTY_RENEGOTIATION_INFO_SCSV]
15:56:56.911 [main] DEBUG org.apache.http.conn.ssl.SSLConnectionSocketFactory - Starting handshake
15:56:57.000 [main] DEBUG org.apache.http.conn.ssl.SSLConnectionSocketFactory - Secure session established
15:56:57.000 [main] DEBUG org.apache.http.conn.ssl.SSLConnectionSocketFactory -  negotiated protocol: TLSv1.2
15:56:57.000 [main] DEBUG org.apache.http.conn.ssl.SSLConnectionSocketFactory -  negotiated cipher suite: TLS_ECDHE_RSA_WITH_AES_128_GCM_SHA256
15:56:57.000 [main] DEBUG org.apache.http.conn.ssl.SSLConnectionSocketFactory -  peer principal: CN=*.swagger.io
15:56:57.000 [main] DEBUG org.apache.http.conn.ssl.SSLConnectionSocketFactory -  peer alternative names: [*.swagger.io]
15:56:57.000 [main] DEBUG org.apache.http.conn.ssl.SSLConnectionSocketFactory -  issuer principal: CN=Amazon RSA 2048 M04, O=Amazon, C=US
15:56:57.000 [main] DEBUG org.apache.http.impl.conn.DefaultHttpClientConnectionOperator - Connection established 192.168.18.5:56264<->100.51.154.52:443
15:56:57.000 [main] DEBUG org.apache.http.impl.conn.DefaultManagedHttpClientConnection - http-outgoing-2: set socket timeout to 30000
15:56:57.000 [main] DEBUG org.apache.http.impl.execchain.MainClientExec - Executing request GET /v2/pet/55559 HTTP/1.1
15:56:57.001 [main] DEBUG org.apache.http.impl.execchain.MainClientExec - Target auth state: UNCHALLENGED
15:56:57.001 [main] DEBUG org.apache.http.impl.execchain.MainClientExec - Proxy auth state: UNCHALLENGED
15:56:57.001 [main] DEBUG org.apache.http.headers - http-outgoing-2 >> GET /v2/pet/55559 HTTP/1.1
15:56:57.001 [main] DEBUG org.apache.http.headers - http-outgoing-2 >> Host: petstore.swagger.io
15:56:57.001 [main] DEBUG org.apache.http.headers - http-outgoing-2 >> Connection: Keep-Alive
15:56:57.001 [main] DEBUG org.apache.http.headers - http-outgoing-2 >> User-Agent: Apache-HttpClient/4.5.14 (Java/17.0.17)
15:56:57.001 [main] DEBUG org.apache.http.headers - http-outgoing-2 >> Accept-Encoding: gzip,deflate
15:56:57.001 [main] DEBUG org.apache.http.wire - http-outgoing-2 >> "GET /v2/pet/55559 HTTP/1.1[\r][\n]"
15:56:57.001 [main] DEBUG org.apache.http.wire - http-outgoing-2 >> "Host: petstore.swagger.io[\r][\n]"
15:56:57.001 [main] DEBUG org.apache.http.wire - http-outgoing-2 >> "Connection: Keep-Alive[\r][\n]"
15:56:57.001 [main] DEBUG org.apache.http.wire - http-outgoing-2 >> "User-Agent: Apache-HttpClient/4.5.14 (Java/17.0.17)[\r][\n]"
15:56:57.001 [main] DEBUG org.apache.http.wire - http-outgoing-2 >> "Accept-Encoding: gzip,deflate[\r][\n]"
15:56:57.001 [main] DEBUG org.apache.http.wire - http-outgoing-2 >> "[\r][\n]"
15:56:57.084 [main] DEBUG org.apache.http.wire - http-outgoing-2 << "HTTP/1.1 200 OK[\r][\n]"
15:56:57.084 [main] DEBUG org.apache.http.wire - http-outgoing-2 << "Date: Thu, 15 Jan 2026 20:56:57 GMT[\r][\n]"
15:56:57.084 [main] DEBUG org.apache.http.wire - http-outgoing-2 << "Content-Type: application/json[\r][\n]"
15:56:57.085 [main] DEBUG org.apache.http.wire - http-outgoing-2 << "Transfer-Encoding: chunked[\r][\n]"
15:56:57.085 [main] DEBUG org.apache.http.wire - http-outgoing-2 << "Connection: keep-alive[\r][\n]"
15:56:57.085 [main] DEBUG org.apache.http.wire - http-outgoing-2 << "Access-Control-Allow-Origin: *[\r][\n]"
15:56:57.085 [main] DEBUG org.apache.http.wire - http-outgoing-2 << "Access-Control-Allow-Methods: GET, POST, DELETE, PUT[\r][\n]"
15:56:57.085 [main] DEBUG org.apache.http.wire - http-outgoing-2 << "Access-Control-Allow-Headers: Content-Type, api_key, Authorization[\r][\n]"
15:56:57.085 [main] DEBUG org.apache.http.wire - http-outgoing-2 << "Server: Jetty(9.2.9.v20150224)[\r][\n]"
15:56:57.085 [main] DEBUG org.apache.http.wire - http-outgoing-2 << "[\r][\n]"
15:56:57.085 [main] DEBUG org.apache.http.wire - http-outgoing-2 << "6b[\r][\n]"
15:56:57.085 [main] DEBUG org.apache.http.wire - http-outgoing-2 << "{"id":55559,"category":{"id":1,"name":"Perro"},"name":"Zeus","photoUrls":[],"tags":[],"status":"available"}[\r][\n]"
15:56:57.085 [main] DEBUG org.apache.http.headers - http-outgoing-2 << HTTP/1.1 200 OK
15:56:57.085 [main] DEBUG org.apache.http.headers - http-outgoing-2 << Date: Thu, 15 Jan 2026 20:56:57 GMT
15:56:57.085 [main] DEBUG org.apache.http.headers - http-outgoing-2 << Content-Type: application/json
15:56:57.085 [main] DEBUG org.apache.http.headers - http-outgoing-2 << Transfer-Encoding: chunked
15:56:57.085 [main] DEBUG org.apache.http.headers - http-outgoing-2 << Connection: keep-alive
15:56:57.085 [main] DEBUG org.apache.http.headers - http-outgoing-2 << Access-Control-Allow-Origin: *
15:56:57.085 [main] DEBUG org.apache.http.headers - http-outgoing-2 << Access-Control-Allow-Methods: GET, POST, DELETE, PUT
15:56:57.085 [main] DEBUG org.apache.http.headers - http-outgoing-2 << Access-Control-Allow-Headers: Content-Type, api_key, Authorization
15:56:57.085 [main] DEBUG org.apache.http.headers - http-outgoing-2 << Server: Jetty(9.2.9.v20150224)
15:56:57.085 [main] DEBUG org.apache.http.impl.execchain.MainClientExec - Connection can be kept alive indefinitely
15:56:57.085 [main] DEBUG org.apache.http.wire - http-outgoing-2 << "0[\r][\n]"
15:56:57.085 [main] DEBUG org.apache.http.wire - http-outgoing-2 << "[\r][\n]"
15:56:57.085 [main] DEBUG org.apache.http.impl.conn.PoolingHttpClientConnectionManager - Connection [id: 2][route: {s}->https://petstore.swagger.io:443] can be kept alive indefinitely
15:56:57.085 [main] DEBUG org.apache.http.impl.conn.DefaultManagedHttpClientConnection - http-outgoing-2: set socket timeout to 0
15:56:57.086 [main] DEBUG org.apache.http.impl.conn.PoolingHttpClientConnectionManager - Connection released: [id: 2][route: {s}->https://petstore.swagger.io:443][total available: 1; route allocated: 1 of 5; total allocated: 1 of 10]
15:56:57.086 [main] DEBUG org.apache.http.impl.conn.PoolingHttpClientConnectionManager - Connection manager is shutting down
15:56:57.086 [main] DEBUG org.apache.http.impl.conn.DefaultManagedHttpClientConnection - http-outgoing-2: Close connection
15:56:57.086 [main] DEBUG org.apache.http.impl.conn.PoolingHttpClientConnectionManager - Connection manager shut down
15:56:57.086 [main] DEBUG com.intuit.karate - response time in milliseconds: 260
1 < 200
1 < Date: Thu, 15 Jan 2026 20:56:57 GMT
1 < Content-Type: application/json
1 < Transfer-Encoding: chunked
1 < Connection: keep-alive
1 < Access-Control-Allow-Origin: *
1 < Access-Control-Allow-Methods: GET, POST, DELETE, PUT
1 < Access-Control-Allow-Headers: Content-Type, api_key, Authorization
1 < Server: Jetty(9.2.9.v20150224)
{"id":55559,"category":{"id":1,"name":"Perro"},"name":"Zeus","photoUrls":[],"tags":[],"status":"available"}

15:56:57.088 [main] DEBUG com.jayway.jsonpath.internal.path.CompiledPath - Evaluating path: $['id']
15:56:57.089 [main] INFO com.intuit.karate - [print] {
  "id": 55559,
  "category": {
    "id": 1,
    "name": "Perro"
  },
  "name": "Zeus",
  "photoUrls": [
  ],
  "tags": [
  ],
  "status": "available"
}
 
]]></system-out>
  </testcase>
  <testcase name="[3:37] Modificar datos de una mascota" classname="TestPet" time="0.274">
    <system-out><![CDATA[15:56:57.098 [main] DEBUG com.jayway.jsonpath.internal.path.CompiledPath - Evaluating path: $
15:56:57.099 [main] DEBUG org.apache.http.client.protocol.RequestAddCookies - CookieSpec selected: karate
15:56:57.099 [main] DEBUG org.apache.http.client.protocol.RequestAuthCache - Auth cache not set in the context
15:56:57.099 [main] DEBUG com.intuit.karate - request:
1 > PUT https://petstore.swagger.io/v2/pet
1 > Content-Type: application/json; charset=UTF-8
1 > Content-Length: 80
1 > Host: petstore.swagger.io
1 > Connection: Keep-Alive
1 > User-Agent: Apache-HttpClient/4.5.14 (Java/17.0.17)
1 > Accept-Encoding: gzip,deflate
{"id":55559,"name":"Zeus II","category":{"id":1,"name":"Perro"},"status":"sold"}

15:56:57.099 [main] DEBUG org.apache.http.impl.conn.PoolingHttpClientConnectionManager - Connection request: [route: {s}->https://petstore.swagger.io:443][total available: 0; route allocated: 0 of 5; total allocated: 0 of 10]
15:56:57.100 [main] DEBUG org.apache.http.impl.conn.PoolingHttpClientConnectionManager - Connection leased: [id: 3][route: {s}->https://petstore.swagger.io:443][total available: 0; route allocated: 1 of 5; total allocated: 1 of 10]
15:56:57.100 [main] DEBUG org.apache.http.impl.execchain.MainClientExec - Opening connection {s}->https://petstore.swagger.io:443
15:56:57.100 [main] DEBUG org.apache.http.impl.conn.DefaultHttpClientConnectionOperator - Connecting to petstore.swagger.io/100.51.154.52:443
15:56:57.100 [main] DEBUG org.apache.http.conn.ssl.SSLConnectionSocketFactory - Connecting socket to petstore.swagger.io/100.51.154.52:443 with timeout 30000
15:56:57.182 [main] DEBUG org.apache.http.conn.ssl.SSLConnectionSocketFactory - Enabled protocols: [TLSv1.3, TLSv1.2]
15:56:57.182 [main] DEBUG org.apache.http.conn.ssl.SSLConnectionSocketFactory - Enabled cipher suites:[TLS_AES_256_GCM_SHA384, TLS_AES_128_GCM_SHA256, TLS_CHACHA20_POLY1305_SHA256, TLS_ECDHE_ECDSA_WITH_AES_256_GCM_SHA384, TLS_ECDHE_ECDSA_WITH_AES_128_GCM_SHA256, TLS_ECDHE_ECDSA_WITH_CHACHA20_POLY1305_SHA256, TLS_ECDHE_RSA_WITH_AES_256_GCM_SHA384, TLS_ECDHE_RSA_WITH_CHACHA20_POLY1305_SHA256, TLS_ECDHE_RSA_WITH_AES_128_GCM_SHA256, TLS_DHE_RSA_WITH_AES_256_GCM_SHA384, TLS_DHE_RSA_WITH_CHACHA20_POLY1305_SHA256, TLS_DHE_DSS_WITH_AES_256_GCM_SHA384, TLS_DHE_RSA_WITH_AES_128_GCM_SHA256, TLS_DHE_DSS_WITH_AES_128_GCM_SHA256, TLS_ECDHE_ECDSA_WITH_AES_256_CBC_SHA384, TLS_ECDHE_RSA_WITH_AES_256_CBC_SHA384, TLS_ECDHE_ECDSA_WITH_AES_128_CBC_SHA256, TLS_ECDHE_RSA_WITH_AES_128_CBC_SHA256, TLS_DHE_RSA_WITH_AES_256_CBC_SHA256, TLS_DHE_DSS_WITH_AES_256_CBC_SHA256, TLS_DHE_RSA_WITH_AES_128_CBC_SHA256, TLS_DHE_DSS_WITH_AES_128_CBC_SHA256, TLS_ECDHE_ECDSA_WITH_AES_256_CBC_SHA, TLS_ECDHE_RSA_WITH_AES_256_CBC_SHA, TLS_ECDHE_ECDSA_WITH_AES_128_CBC_SHA, TLS_ECDHE_RSA_WITH_AES_128_CBC_SHA, TLS_DHE_RSA_WITH_AES_256_CBC_SHA, TLS_DHE_DSS_WITH_AES_256_CBC_SHA, TLS_DHE_RSA_WITH_AES_128_CBC_SHA, TLS_DHE_DSS_WITH_AES_128_CBC_SHA, TLS_RSA_WITH_AES_256_GCM_SHA384, TLS_RSA_WITH_AES_128_GCM_SHA256, TLS_RSA_WITH_AES_256_CBC_SHA256, TLS_RSA_WITH_AES_128_CBC_SHA256, TLS_RSA_WITH_AES_256_CBC_SHA, TLS_RSA_WITH_AES_128_CBC_SHA, TLS_EMPTY_RENEGOTIATION_INFO_SCSV]
15:56:57.182 [main] DEBUG org.apache.http.conn.ssl.SSLConnectionSocketFactory - Starting handshake
15:56:57.270 [main] DEBUG org.apache.http.conn.ssl.SSLConnectionSocketFactory - Secure session established
15:56:57.270 [main] DEBUG org.apache.http.conn.ssl.SSLConnectionSocketFactory -  negotiated protocol: TLSv1.2
15:56:57.270 [main] DEBUG org.apache.http.conn.ssl.SSLConnectionSocketFactory -  negotiated cipher suite: TLS_ECDHE_RSA_WITH_AES_128_GCM_SHA256
15:56:57.270 [main] DEBUG org.apache.http.conn.ssl.SSLConnectionSocketFactory -  peer principal: CN=*.swagger.io
15:56:57.270 [main] DEBUG org.apache.http.conn.ssl.SSLConnectionSocketFactory -  peer alternative names: [*.swagger.io]
15:56:57.270 [main] DEBUG org.apache.http.conn.ssl.SSLConnectionSocketFactory -  issuer principal: CN=Amazon RSA 2048 M04, O=Amazon, C=US
15:56:57.271 [main] DEBUG org.apache.http.impl.conn.DefaultHttpClientConnectionOperator - Connection established 192.168.18.5:56265<->100.51.154.52:443
15:56:57.271 [main] DEBUG org.apache.http.impl.conn.DefaultManagedHttpClientConnection - http-outgoing-3: set socket timeout to 30000
15:56:57.271 [main] DEBUG org.apache.http.impl.execchain.MainClientExec - Executing request PUT /v2/pet HTTP/1.1
15:56:57.271 [main] DEBUG org.apache.http.impl.execchain.MainClientExec - Target auth state: UNCHALLENGED
15:56:57.271 [main] DEBUG org.apache.http.impl.execchain.MainClientExec - Proxy auth state: UNCHALLENGED
15:56:57.271 [main] DEBUG org.apache.http.headers - http-outgoing-3 >> PUT /v2/pet HTTP/1.1
15:56:57.271 [main] DEBUG org.apache.http.headers - http-outgoing-3 >> Content-Type: application/json; charset=UTF-8
15:56:57.271 [main] DEBUG org.apache.http.headers - http-outgoing-3 >> Content-Length: 80
15:56:57.271 [main] DEBUG org.apache.http.headers - http-outgoing-3 >> Host: petstore.swagger.io
15:56:57.271 [main] DEBUG org.apache.http.headers - http-outgoing-3 >> Connection: Keep-Alive
15:56:57.271 [main] DEBUG org.apache.http.headers - http-outgoing-3 >> User-Agent: Apache-HttpClient/4.5.14 (Java/17.0.17)
15:56:57.271 [main] DEBUG org.apache.http.headers - http-outgoing-3 >> Accept-Encoding: gzip,deflate
15:56:57.271 [main] DEBUG org.apache.http.wire - http-outgoing-3 >> "PUT /v2/pet HTTP/1.1[\r][\n]"
15:56:57.271 [main] DEBUG org.apache.http.wire - http-outgoing-3 >> "Content-Type: application/json; charset=UTF-8[\r][\n]"
15:56:57.271 [main] DEBUG org.apache.http.wire - http-outgoing-3 >> "Content-Length: 80[\r][\n]"
15:56:57.271 [main] DEBUG org.apache.http.wire - http-outgoing-3 >> "Host: petstore.swagger.io[\r][\n]"
15:56:57.271 [main] DEBUG org.apache.http.wire - http-outgoing-3 >> "Connection: Keep-Alive[\r][\n]"
15:56:57.271 [main] DEBUG org.apache.http.wire - http-outgoing-3 >> "User-Agent: Apache-HttpClient/4.5.14 (Java/17.0.17)[\r][\n]"
15:56:57.271 [main] DEBUG org.apache.http.wire - http-outgoing-3 >> "Accept-Encoding: gzip,deflate[\r][\n]"
15:56:57.271 [main] DEBUG org.apache.http.wire - http-outgoing-3 >> "[\r][\n]"
15:56:57.271 [main] DEBUG org.apache.http.wire - http-outgoing-3 >> "{"id":55559,"name":"Zeus II","category":{"id":1,"name":"Perro"},"status":"sold"}"
15:56:57.354 [main] DEBUG org.apache.http.wire - http-outgoing-3 << "HTTP/1.1 200 OK[\r][\n]"
15:56:57.354 [main] DEBUG org.apache.http.wire - http-outgoing-3 << "Date: Thu, 15 Jan 2026 20:56:57 GMT[\r][\n]"
15:56:57.355 [main] DEBUG org.apache.http.wire - http-outgoing-3 << "Content-Type: application/json[\r][\n]"
15:56:57.355 [main] DEBUG org.apache.http.wire - http-outgoing-3 << "Transfer-Encoding: chunked[\r][\n]"
15:56:57.355 [main] DEBUG org.apache.http.wire - http-outgoing-3 << "Connection: keep-alive[\r][\n]"
15:56:57.355 [main] DEBUG org.apache.http.wire - http-outgoing-3 << "Access-Control-Allow-Origin: *[\r][\n]"
15:56:57.355 [main] DEBUG org.apache.http.wire - http-outgoing-3 << "Access-Control-Allow-Methods: GET, POST, DELETE, PUT[\r][\n]"
15:56:57.355 [main] DEBUG org.apache.http.wire - http-outgoing-3 << "Access-Control-Allow-Headers: Content-Type, api_key, Authorization[\r][\n]"
15:56:57.355 [main] DEBUG org.apache.http.wire - http-outgoing-3 << "Server: Jetty(9.2.9.v20150224)[\r][\n]"
15:56:57.355 [main] DEBUG org.apache.http.wire - http-outgoing-3 << "[\r][\n]"
15:56:57.355 [main] DEBUG org.apache.http.wire - http-outgoing-3 << "69[\r][\n]"
15:56:57.355 [main] DEBUG org.apache.http.wire - http-outgoing-3 << "{"id":55559,"category":{"id":1,"name":"Perro"},"name":"Zeus II","photoUrls":[],"tags":[],"status":"sold"}[\r][\n]"
15:56:57.355 [main] DEBUG org.apache.http.headers - http-outgoing-3 << HTTP/1.1 200 OK
15:56:57.355 [main] DEBUG org.apache.http.headers - http-outgoing-3 << Date: Thu, 15 Jan 2026 20:56:57 GMT
15:56:57.355 [main] DEBUG org.apache.http.headers - http-outgoing-3 << Content-Type: application/json
15:56:57.355 [main] DEBUG org.apache.http.headers - http-outgoing-3 << Transfer-Encoding: chunked
15:56:57.355 [main] DEBUG org.apache.http.headers - http-outgoing-3 << Connection: keep-alive
15:56:57.355 [main] DEBUG org.apache.http.headers - http-outgoing-3 << Access-Control-Allow-Origin: *
15:56:57.356 [main] DEBUG org.apache.http.headers - http-outgoing-3 << Access-Control-Allow-Methods: GET, POST, DELETE, PUT
15:56:57.356 [main] DEBUG org.apache.http.headers - http-outgoing-3 << Access-Control-Allow-Headers: Content-Type, api_key, Authorization
15:56:57.356 [main] DEBUG org.apache.http.headers - http-outgoing-3 << Server: Jetty(9.2.9.v20150224)
15:56:57.356 [main] DEBUG org.apache.http.impl.execchain.MainClientExec - Connection can be kept alive indefinitely
15:56:57.356 [main] DEBUG org.apache.http.wire - http-outgoing-3 << "0[\r][\n]"
15:56:57.356 [main] DEBUG org.apache.http.wire - http-outgoing-3 << "[\r][\n]"
15:56:57.356 [main] DEBUG org.apache.http.impl.conn.PoolingHttpClientConnectionManager - Connection [id: 3][route: {s}->https://petstore.swagger.io:443] can be kept alive indefinitely
15:56:57.357 [main] DEBUG org.apache.http.impl.conn.DefaultManagedHttpClientConnection - http-outgoing-3: set socket timeout to 0
15:56:57.357 [main] DEBUG org.apache.http.impl.conn.PoolingHttpClientConnectionManager - Connection released: [id: 3][route: {s}->https://petstore.swagger.io:443][total available: 1; route allocated: 1 of 5; total allocated: 1 of 10]
15:56:57.357 [main] DEBUG org.apache.http.impl.conn.PoolingHttpClientConnectionManager - Connection manager is shutting down
15:56:57.357 [main] DEBUG org.apache.http.impl.conn.DefaultManagedHttpClientConnection - http-outgoing-3: Close connection
15:56:57.358 [main] DEBUG org.apache.http.impl.conn.PoolingHttpClientConnectionManager - Connection manager shut down
15:56:57.358 [main] DEBUG com.intuit.karate - response time in milliseconds: 258
1 < 200
1 < Date: Thu, 15 Jan 2026 20:56:57 GMT
1 < Content-Type: application/json
1 < Transfer-Encoding: chunked
1 < Connection: keep-alive
1 < Access-Control-Allow-Origin: *
1 < Access-Control-Allow-Methods: GET, POST, DELETE, PUT
1 < Access-Control-Allow-Headers: Content-Type, api_key, Authorization
1 < Server: Jetty(9.2.9.v20150224)
{"id":55559,"category":{"id":1,"name":"Perro"},"name":"Zeus II","photoUrls":[],"tags":[],"status":"sold"}

15:56:57.361 [main] DEBUG com.jayway.jsonpath.internal.path.CompiledPath - Evaluating path: $['name']
15:56:57.363 [main] DEBUG com.jayway.jsonpath.internal.path.CompiledPath - Evaluating path: $['status']
15:56:57.365 [main] INFO com.intuit.karate - [print] {
  "id": 55559,
  "category": {
    "id": 1,
    "name": "Perro"
  },
  "name": "Zeus II",
  "photoUrls": [
  ],
  "tags": [
  ],
  "status": "sold"
}
 
]]></system-out>
  </testcase>
  <testcase name="[4:57] Obtener mascota con estatus &quot;sold&quot;" classname="TestPet" time="1.009">
    <system-out><![CDATA[15:56:57.380 [main] DEBUG org.apache.http.client.protocol.RequestAddCookies - CookieSpec selected: karate
15:56:57.380 [main] DEBUG org.apache.http.client.protocol.RequestAuthCache - Auth cache not set in the context
15:56:57.380 [main] DEBUG com.intuit.karate - request:
1 > GET https://petstore.swagger.io/v2/pet/findByStatus?status=sold
1 > Host: petstore.swagger.io
1 > Connection: Keep-Alive
1 > User-Agent: Apache-HttpClient/4.5.14 (Java/17.0.17)
1 > Accept-Encoding: gzip,deflate


15:56:57.380 [main] DEBUG org.apache.http.impl.conn.PoolingHttpClientConnectionManager - Connection request: [route: {s}->https://petstore.swagger.io:443][total available: 0; route allocated: 0 of 5; total allocated: 0 of 10]
15:56:57.380 [main] DEBUG org.apache.http.impl.conn.PoolingHttpClientConnectionManager - Connection leased: [id: 4][route: {s}->https://petstore.swagger.io:443][total available: 0; route allocated: 1 of 5; total allocated: 1 of 10]
15:56:57.380 [main] DEBUG org.apache.http.impl.execchain.MainClientExec - Opening connection {s}->https://petstore.swagger.io:443
15:56:57.382 [main] DEBUG org.apache.http.impl.conn.DefaultHttpClientConnectionOperator - Connecting to petstore.swagger.io/100.51.154.52:443
15:56:57.382 [main] DEBUG org.apache.http.conn.ssl.SSLConnectionSocketFactory - Connecting socket to petstore.swagger.io/100.51.154.52:443 with timeout 30000
15:56:57.464 [main] DEBUG org.apache.http.conn.ssl.SSLConnectionSocketFactory - Enabled protocols: [TLSv1.3, TLSv1.2]
15:56:57.464 [main] DEBUG org.apache.http.conn.ssl.SSLConnectionSocketFactory - Enabled cipher suites:[TLS_AES_256_GCM_SHA384, TLS_AES_128_GCM_SHA256, TLS_CHACHA20_POLY1305_SHA256, TLS_ECDHE_ECDSA_WITH_AES_256_GCM_SHA384, TLS_ECDHE_ECDSA_WITH_AES_128_GCM_SHA256, TLS_ECDHE_ECDSA_WITH_CHACHA20_POLY1305_SHA256, TLS_ECDHE_RSA_WITH_AES_256_GCM_SHA384, TLS_ECDHE_RSA_WITH_CHACHA20_POLY1305_SHA256, TLS_ECDHE_RSA_WITH_AES_128_GCM_SHA256, TLS_DHE_RSA_WITH_AES_256_GCM_SHA384, TLS_DHE_RSA_WITH_CHACHA20_POLY1305_SHA256, TLS_DHE_DSS_WITH_AES_256_GCM_SHA384, TLS_DHE_RSA_WITH_AES_128_GCM_SHA256, TLS_DHE_DSS_WITH_AES_128_GCM_SHA256, TLS_ECDHE_ECDSA_WITH_AES_256_CBC_SHA384, TLS_ECDHE_RSA_WITH_AES_256_CBC_SHA384, TLS_ECDHE_ECDSA_WITH_AES_128_CBC_SHA256, TLS_ECDHE_RSA_WITH_AES_128_CBC_SHA256, TLS_DHE_RSA_WITH_AES_256_CBC_SHA256, TLS_DHE_DSS_WITH_AES_256_CBC_SHA256, TLS_DHE_RSA_WITH_AES_128_CBC_SHA256, TLS_DHE_DSS_WITH_AES_128_CBC_SHA256, TLS_ECDHE_ECDSA_WITH_AES_256_CBC_SHA, TLS_ECDHE_RSA_WITH_AES_256_CBC_SHA, TLS_ECDHE_ECDSA_WITH_AES_128_CBC_SHA, TLS_ECDHE_RSA_WITH_AES_128_CBC_SHA, TLS_DHE_RSA_WITH_AES_256_CBC_SHA, TLS_DHE_DSS_WITH_AES_256_CBC_SHA, TLS_DHE_RSA_WITH_AES_128_CBC_SHA, TLS_DHE_DSS_WITH_AES_128_CBC_SHA, TLS_RSA_WITH_AES_256_GCM_SHA384, TLS_RSA_WITH_AES_128_GCM_SHA256, TLS_RSA_WITH_AES_256_CBC_SHA256, TLS_RSA_WITH_AES_128_CBC_SHA256, TLS_RSA_WITH_AES_256_CBC_SHA, TLS_RSA_WITH_AES_128_CBC_SHA, TLS_EMPTY_RENEGOTIATION_INFO_SCSV]
15:56:57.464 [main] DEBUG org.apache.http.conn.ssl.SSLConnectionSocketFactory - Starting handshake
15:56:57.552 [main] DEBUG org.apache.http.conn.ssl.SSLConnectionSocketFactory - Secure session established
15:56:57.552 [main] DEBUG org.apache.http.conn.ssl.SSLConnectionSocketFactory -  negotiated protocol: TLSv1.2
15:56:57.552 [main] DEBUG org.apache.http.conn.ssl.SSLConnectionSocketFactory -  negotiated cipher suite: TLS_ECDHE_RSA_WITH_AES_128_GCM_SHA256
15:56:57.552 [main] DEBUG org.apache.http.conn.ssl.SSLConnectionSocketFactory -  peer principal: CN=*.swagger.io
15:56:57.552 [main] DEBUG org.apache.http.conn.ssl.SSLConnectionSocketFactory -  peer alternative names: [*.swagger.io]
15:56:57.552 [main] DEBUG org.apache.http.conn.ssl.SSLConnectionSocketFactory -  issuer principal: CN=Amazon RSA 2048 M04, O=Amazon, C=US
15:56:57.552 [main] DEBUG org.apache.http.impl.conn.DefaultHttpClientConnectionOperator - Connection established 192.168.18.5:56266<->100.51.154.52:443
15:56:57.552 [main] DEBUG org.apache.http.impl.conn.DefaultManagedHttpClientConnection - http-outgoing-4: set socket timeout to 30000
15:56:57.552 [main] DEBUG org.apache.http.impl.execchain.MainClientExec - Executing request GET /v2/pet/findByStatus?status=sold HTTP/1.1
15:56:57.552 [main] DEBUG org.apache.http.impl.execchain.MainClientExec - Target auth state: UNCHALLENGED
15:56:57.552 [main] DEBUG org.apache.http.impl.execchain.MainClientExec - Proxy auth state: UNCHALLENGED
15:56:57.552 [main] DEBUG org.apache.http.headers - http-outgoing-4 >> GET /v2/pet/findByStatus?status=sold HTTP/1.1
15:56:57.552 [main] DEBUG org.apache.http.headers - http-outgoing-4 >> Host: petstore.swagger.io
15:56:57.552 [main] DEBUG org.apache.http.headers - http-outgoing-4 >> Connection: Keep-Alive
15:56:57.552 [main] DEBUG org.apache.http.headers - http-outgoing-4 >> User-Agent: Apache-HttpClient/4.5.14 (Java/17.0.17)
15:56:57.552 [main] DEBUG org.apache.http.headers - http-outgoing-4 >> Accept-Encoding: gzip,deflate
15:56:57.552 [main] DEBUG org.apache.http.wire - http-outgoing-4 >> "GET /v2/pet/findByStatus?status=sold HTTP/1.1[\r][\n]"
15:56:57.552 [main] DEBUG org.apache.http.wire - http-outgoing-4 >> "Host: petstore.swagger.io[\r][\n]"
15:56:57.552 [main] DEBUG org.apache.http.wire - http-outgoing-4 >> "Connection: Keep-Alive[\r][\n]"
15:56:57.552 [main] DEBUG org.apache.http.wire - http-outgoing-4 >> "User-Agent: Apache-HttpClient/4.5.14 (Java/17.0.17)[\r][\n]"
15:56:57.552 [main] DEBUG org.apache.http.wire - http-outgoing-4 >> "Accept-Encoding: gzip,deflate[\r][\n]"
15:56:57.552 [main] DEBUG org.apache.http.wire - http-outgoing-4 >> "[\r][\n]"
15:56:57.637 [main] DEBUG org.apache.http.wire - http-outgoing-4 << "HTTP/1.1 200 OK[\r][\n]"
15:56:57.637 [main] DEBUG org.apache.http.wire - http-outgoing-4 << "Date: Thu, 15 Jan 2026 20:56:57 GMT[\r][\n]"
15:56:57.637 [main] DEBUG org.apache.http.wire - http-outgoing-4 << "Content-Type: application/json[\r][\n]"
15:56:57.637 [main] DEBUG org.apache.http.wire - http-outgoing-4 << "Transfer-Encoding: chunked[\r][\n]"
15:56:57.637 [main] DEBUG org.apache.http.wire - http-outgoing-4 << "Connection: keep-alive[\r][\n]"
15:56:57.637 [main] DEBUG org.apache.http.wire - http-outgoing-4 << "Access-Control-Allow-Origin: *[\r][\n]"
15:56:57.637 [main] DEBUG org.apache.http.wire - http-outgoing-4 << "Access-Control-Allow-Methods: GET, POST, DELETE, PUT[\r][\n]"
15:56:57.637 [main] DEBUG org.apache.http.wire - http-outgoing-4 << "Access-Control-Allow-Headers: Content-Type, api_key, Authorization[\r][\n]"
15:56:57.637 [main] DEBUG org.apache.http.wire - http-outgoing-4 << "Server: Jetty(9.2.9.v20150224)[\r][\n]"
15:56:57.637 [main] DEBUG org.apache.http.wire - http-outgoing-4 << "[\r][\n]"
15:56:57.637 [main] DEBUG org.apache.http.wire - http-outgoing-4 << "1b8c[\r][\n]"
15:56:57.638 [main] DEBUG org.apache.http.wire - http-outgoing-4 << "[{"id":690,"category":{"id":6,"name":"dogs"},"name":"Sharikk","photoUrls":["string"],"tags":[{"id":6,"name":"dogs"}],"status":"sold"},{"id":13,"category":{"id":0,"name":"cats"},"photoUrls":["string"],"tags":[{"id":0,"name":"string"}],"status":"sold"},{"id":1004,"name":"Rocky","photoUrls":[],"tags":[],"status":"sold"},{"id":6,"category":{"id":9770,"name":"string"},"name":"doggie","photoUrls":["string","string"],"tags":[{"id":7376,"name":"string"},{"id":760,"name":"string"}],"status":"sold"},{"id":601,"category":{"id":6,"name":"dogs"},"name":"ala","photoUrls":["string"],"tags":[{"id":6,"name":"dogs"}],"status":"sold"},{"id":148,"category":{"id":6,"name":"dogs"},"name":"ala","photoUrls":["string"],"tags":[{"id":6,"name":"dogs"}],"status":"sold"},{"id":866,"category":{"id":6,"name":"dogs"},"name":"ala","photoUrls":["string"],"tags":[{"id":6,"name":"dogs"}],"status":"sold"},{"id":610,"category":{"id":6,"name":"dogs"},"name":"ala","photoUrls":["string"],"tags":[{"id":6,"name":"dogs"}],"status":"sold"},{"id":1768496309,"category":{"id":1768496309,"name":"dog"},"name":"hello kity","photoUrls":["http://foo.bar.com/1","http://foo.bar.com/2"],"tags":[{"id":1768496309,"name":"blank"}],"status":"sold"},{"id":1768496314,"category":{"id":1768496314,"name":"dog"},"name":"hello kity","photoUrls":["http://foo.bar.com/1","http://foo.bar.com/2"],"tags":[{"id":1768496314,"name":"swagger-codegen-python-pet-tag"}],"status":"sold"},{"id":894,"category":{"id":6,"name":"dogs"},"name":"ala","photoUrls":["string"],"tags":[{"id":6,"name":"dogs"}],"status":"sold"},{"id":468,"category":{"id":6,"name":"dogs"},"name":"ala","photoUrls":["string"],"tags":[{"id":6,"name":"dogs"}],"status":"sold"},{"id":183,"category":{"id":6,"name":"dogs"},"name":"ala","photoUrls":["string"],"tags":[{"id":6,"name":"dogs"}],"status":"sold"},{"id":204,"category":{"id":616,"name":"Tasty Metal Pizza"},"name":"Handcrafted Frozen Ball","photoUrls":["http://placeimg.com/640/480/animals"],"tags":[{"id":293,"name":"delectus"},{"id":104,"name":"in voluptates et"}],"status":"sold"},{"id":132,"category":{"id":6,"name":"dogs"},"name":"ala","photoUrls":["string"],"tags":[{"id":6,"name":"dogs"}],"status":"sold"},{"id":847,"category":{"id":6,"name":"dogs"},"name":"ala","photoUrls":["string"],"tags":[{"id":6,"name":"dogs"}],"status":"sold"},{"id":209,"category":{"id":6,"name":"dogs"},"name":"ala","photoUrls":["string"],"tags":[{"id":6,"name":"dogs"}],"status":"sold"},{"id":704,"category":{"id":6,"name":"dogs"},"name":"ala","photoUrls":["string"],"tags":[{"id":6,"name":"dogs"}],"status":"sold"},{"id":951,"category":{"id":6,"name":"dogs"},"name":"ala","photoUrls":["string"],"tags":[{"id":6,"name":"dogs"}],"status":"sold"},{"id":75,"category":{"id":6,"name":"dogs"},"name":"ala","photoUrls":["string"],"tags":[{"id":6,"name":"dogs"}],"status":"sold"},{"id":659,"category":{"id":6,"name":"dogs"},"name":"ala","photoUrls":["string"],"tags":[{"id":6,"name":"dogs"}],"status":"sold"},{"id":341,"category":{"id":6,"name":"dogs"},"name":"Sharikk","photoUrls":["string"],"tags":[{"id":6,"name":"dogs"}],"status":"sold"},{"id":56331470,"category":{"id":28262311,"name":"nostrud proident"},"name":"doggie","photoUrls":["sunt dolor veniam aliqua","nulla anim ex"],"tags":[{"id":21515670,"name":"voluptate in elit ani"},{"id":-36858804,"name":"proident non deserunt"}],"status":"sold"},{"id":824,"category":{"id":6,"name":"dogs"},"name":"Sharikk","photoUrls":["string"],"tags":[{"id":6,"name":"dogs"}],"status":"sold"},{"id":85730,"category":{"id":7,"name":"Reptiles"},"name":"[0xd0][0xa8][0xd0][0xb0][0xd1][0x80][0xd0][0xb8][0xd0][0xba]","photoUrls":["https://dummyimage.com/200x200"],"tags":[{"id":10,"name":"race"}],"status":"sold"},{"id":3708840,"category":{"id":9855812,"name":"Duis in commodo"},"name":"doggie","photoUrls":["minim id in sit","est esse culpa nisi"],"tags":[{"id":-89808508,"name":"sit"},{"id":-5238278,"name":"dolor in"}],"status":"sold"},{"id":91507602,"category":{"id":-95494262,"name":"sit ea"},"name":"doggie","photoUrls":["deserunt","id sint et"],"tags":[{"id":-54029842,"name":"ullamco"},{"id":13198949,"name":"id"}],"status":"sold"},{"id":24093935,"category":{"id":-6714225,"name":"do magna"},"name":"doggie","photoUrls":["aute","velit"],"tags":[{"id":71561130,"name":"deserunt ut occaecat"},{"id":-1195842,"name":"nulla nostrud occaeca"}],"status":"sold"},{"id":3903023,"category":{"id":-56789506,"name":"cillum p"},"name":"doggie","photoUrls":["aliquip Excepteur","commodo dolore consequat eu"],"tags":[{"id":60937326,"name":"irure in"},{"id":20218536,"name":"sint consectetur ad voluptate"}],"status":"sold"},{"id":12365,"category":{"id":333,"name":"[0xd0][0xbb][0xd0][0xb8][0xd1][0x81][0xd1][0x8b]"},"name":"[0xd0][0xb0][0xd1][0x80][0xd1][0x87][0xd0][0xb8]","photoUrls":["string"],"tags":[{"id":0,"name":"string"}],"status":"sold"},{"id":32149,"category":{"id":777,"name":"[0xd0][0xbf][0xd1][0x82][0xd0][0xb8][0xd1][0x86][0xd1][0x8b]"},"name":"[0xd0][0xba][0xd0][0xb5][0xd1][0x88][0xd0][0xb0]","photoUrls":["string"],"tags":[{"id":0,"name":"string"}],"status":"sold"},{"id":9,"category":{"id":0,"name":"cats"},"name":"King Kong","photoUrls":["string"],"tags":[{"id":0,"name":"string"}],"status":"sold"},{"id":12366,"category":{"id":333,"name":"[0xd0][0xbb][0xd0][0xb8][0xd1][0x81][0xd1][0x8b]"},"name":"[0xd0][0xb0][0xd1][0x80][0xd1][0x87][0xd0][0xb8]","photoUrls":["string"],"tags":[{"id":0,"name":"string"}],"status":"sold"},{"id":32146,"category":{"id":333,"name":"[0xd0][0xbb][0xd0][0xb8][0xd1][0x81][0xd1][0x8b]"},"name":"[0xd0][0xb0][0xd1][0x80][0xd1][0x87][0xd0][0xb8]","photoUrls":["string"],"tags":[{"id":0,"name":"string"}],"status":"sold"},{"id":32145,"category":{"id":777,"name":"[0xd0][0xbf][0xd1][0x82][0xd0][0xb8][0xd1][0x86][0xd1][0x8b]"},"name":"","photoUrls":["string"],"tags":[{"id":0,"name":"string"}],"status":"sold"},{"id":63685,"category":{"id":1,"name":"Dogs"},"name":"Pet with sold status","photoUrls":["https://example.com/photo1.jpg","https://example.com/photo2.jpg"],"tags":[{"id":1,"name":"friendly"},{"id":2,"name":"trained"}],"status":"sold"},{"id":1768506958,"category":{"id":1768506958,"name":"dog"},"name":"hello kity","photoUrls":["http://foo.bar.com/1","http://foo.bar.com/2"],"tags":[{"id":1768506958,"name":"blank"}],"status":"sold"},{"id":1768506962,"category":{"id":1768506962,"name":"dog"},"name":"hello kity","photoUrls":["http://foo.bar.com/1","http://foo.bar.com/2"],"tags":[{"id":1768506962,"name":"swagger-codegen-python-pet-tag"}],"status":"sold"},{"id":16,"category":{"id":1,"name":"boy"},"name":"Tom","photoUrls":["https://upload.wikimedia.org/wikipedia/commons/0/0c/Deutscher_Sch%C3%A4ferhund-_portrait.JPG"],"tags":[{"id":16,"name":"nemeckaya ovcharka"}],"status":"sold"},{"id":98765,"category":{"id":111,"name":"[0xd0][0xbf][0xd1][0x82][0xd0][0xb8][0xd1][0x86][0xd1][0x8b]"},"name":"[0xd0][0xb4][0xd0][0xbe][0xd0][0xb4][0xd0][0xbe]","photoUrls":["string"],"tags":[{"id":0,"name":"string"}],"status":"sold"},{"id":3281,"category":{"id":6481,"name":"string"},"name":"23233","photoUrls":["string","string"],"tags":[{"id":3698,"name":"string"},{"id":4749,"name":"string"}],"status":"sold"},{"id":1768510028296,"category":{"id":1,"name":"Dogs"},"name":"Minik","photoUrls":["testdata/pet.jpg"],"tags":[{"id":1,"name":"friendly"}],"status":"sold"},{"id":250103,"category":{"id":1,"name":"Dogs"},"name":"UpdatedDog-250103","photoUrls":["https://example.com/photo1.jpg"],"tags":[{"id":1,"name":"test-tag"}],"status":"sold"},{"id":55559,"category":{"id":1,"name":"Perro"},"name":"Zeus II","photoUrls":[],"tags":[],"status":"sold"}][\r][\n]"
15:56:57.638 [main] DEBUG org.apache.http.headers - http-outgoing-4 << HTTP/1.1 200 OK
15:56:57.638 [main] DEBUG org.apache.http.headers - http-outgoing-4 << Date: Thu, 15 Jan 2026 20:56:57 GMT
15:56:57.638 [main] DEBUG org.apache.http.headers - http-outgoing-4 << Content-Type: application/json
15:56:57.638 [main] DEBUG org.apache.http.headers - http-outgoing-4 << Transfer-Encoding: chunked
15:56:57.638 [main] DEBUG org.apache.http.headers - http-outgoing-4 << Connection: keep-alive
15:56:57.638 [main] DEBUG org.apache.http.headers - http-outgoing-4 << Access-Control-Allow-Origin: *
15:56:57.638 [main] DEBUG org.apache.http.headers - http-outgoing-4 << Access-Control-Allow-Methods: GET, POST, DELETE, PUT
15:56:57.638 [main] DEBUG org.apache.http.headers - http-outgoing-4 << Access-Control-Allow-Headers: Content-Type, api_key, Authorization
15:56:57.638 [main] DEBUG org.apache.http.headers - http-outgoing-4 << Server: Jetty(9.2.9.v20150224)
15:56:57.638 [main] DEBUG org.apache.http.impl.execchain.MainClientExec - Connection can be kept alive indefinitely
15:56:57.639 [main] DEBUG org.apache.http.wire - http-outgoing-4 << "0[\r][\n]"
15:56:57.639 [main] DEBUG org.apache.http.wire - http-outgoing-4 << "[\r][\n]"
15:56:57.639 [main] DEBUG org.apache.http.impl.conn.PoolingHttpClientConnectionManager - Connection [id: 4][route: {s}->https://petstore.swagger.io:443] can be kept alive indefinitely
15:56:57.639 [main] DEBUG org.apache.http.impl.conn.DefaultManagedHttpClientConnection - http-outgoing-4: set socket timeout to 0
15:56:57.639 [main] DEBUG org.apache.http.impl.conn.PoolingHttpClientConnectionManager - Connection released: [id: 4][route: {s}->https://petstore.swagger.io:443][total available: 1; route allocated: 1 of 5; total allocated: 1 of 10]
15:56:57.639 [main] DEBUG org.apache.http.impl.conn.PoolingHttpClientConnectionManager - Connection manager is shutting down
15:56:57.639 [main] DEBUG org.apache.http.impl.conn.DefaultManagedHttpClientConnection - http-outgoing-4: Close connection
15:56:57.640 [main] DEBUG org.apache.http.impl.conn.PoolingHttpClientConnectionManager - Connection manager shut down
15:56:57.640 [main] DEBUG com.intuit.karate - response time in milliseconds: 259
1 < 200
1 < Date: Thu, 15 Jan 2026 20:56:57 GMT
1 < Content-Type: application/json
1 < Transfer-Encoding: chunked
1 < Connection: keep-alive
1 < Access-Control-Allow-Origin: *
1 < Access-Control-Allow-Methods: GET, POST, DELETE, PUT
1 < Access-Control-Allow-Headers: Content-Type, api_key, Authorization
1 < Server: Jetty(9.2.9.v20150224)
[{"id":690,"category":{"id":6,"name":"dogs"},"name":"Sharikk","photoUrls":["string"],"tags":[{"id":6,"name":"dogs"}],"status":"sold"},{"id":13,"category":{"id":0,"name":"cats"},"photoUrls":["string"],"tags":[{"id":0,"name":"string"}],"status":"sold"},{"id":1004,"name":"Rocky","photoUrls":[],"tags":[],"status":"sold"},{"id":6,"category":{"id":9770,"name":"string"},"name":"doggie","photoUrls":["string","string"],"tags":[{"id":7376,"name":"string"},{"id":760,"name":"string"}],"status":"sold"},{"id":601,"category":{"id":6,"name":"dogs"},"name":"ala","photoUrls":["string"],"tags":[{"id":6,"name":"dogs"}],"status":"sold"},{"id":148,"category":{"id":6,"name":"dogs"},"name":"ala","photoUrls":["string"],"tags":[{"id":6,"name":"dogs"}],"status":"sold"},{"id":866,"category":{"id":6,"name":"dogs"},"name":"ala","photoUrls":["string"],"tags":[{"id":6,"name":"dogs"}],"status":"sold"},{"id":610,"category":{"id":6,"name":"dogs"},"name":"ala","photoUrls":["string"],"tags":[{"id":6,"name":"dogs"}],"status":"sold"},{"id":1768496309,"category":{"id":1768496309,"name":"dog"},"name":"hello kity","photoUrls":["http://foo.bar.com/1","http://foo.bar.com/2"],"tags":[{"id":1768496309,"name":"blank"}],"status":"sold"},{"id":1768496314,"category":{"id":1768496314,"name":"dog"},"name":"hello kity","photoUrls":["http://foo.bar.com/1","http://foo.bar.com/2"],"tags":[{"id":1768496314,"name":"swagger-codegen-python-pet-tag"}],"status":"sold"},{"id":894,"category":{"id":6,"name":"dogs"},"name":"ala","photoUrls":["string"],"tags":[{"id":6,"name":"dogs"}],"status":"sold"},{"id":468,"category":{"id":6,"name":"dogs"},"name":"ala","photoUrls":["string"],"tags":[{"id":6,"name":"dogs"}],"status":"sold"},{"id":183,"category":{"id":6,"name":"dogs"},"name":"ala","photoUrls":["string"],"tags":[{"id":6,"name":"dogs"}],"status":"sold"},{"id":204,"category":{"id":616,"name":"Tasty Metal Pizza"},"name":"Handcrafted Frozen Ball","photoUrls":["http://placeimg.com/640/480/animals"],"tags":[{"id":293,"name":"delectus"},{"id":104,"name":"in voluptates et"}],"status":"sold"},{"id":132,"category":{"id":6,"name":"dogs"},"name":"ala","photoUrls":["string"],"tags":[{"id":6,"name":"dogs"}],"status":"sold"},{"id":847,"category":{"id":6,"name":"dogs"},"name":"ala","photoUrls":["string"],"tags":[{"id":6,"name":"dogs"}],"status":"sold"},{"id":209,"category":{"id":6,"name":"dogs"},"name":"ala","photoUrls":["string"],"tags":[{"id":6,"name":"dogs"}],"status":"sold"},{"id":704,"category":{"id":6,"name":"dogs"},"name":"ala","photoUrls":["string"],"tags":[{"id":6,"name":"dogs"}],"status":"sold"},{"id":951,"category":{"id":6,"name":"dogs"},"name":"ala","photoUrls":["string"],"tags":[{"id":6,"name":"dogs"}],"status":"sold"},{"id":75,"category":{"id":6,"name":"dogs"},"name":"ala","photoUrls":["string"],"tags":[{"id":6,"name":"dogs"}],"status":"sold"},{"id":659,"category":{"id":6,"name":"dogs"},"name":"ala","photoUrls":["string"],"tags":[{"id":6,"name":"dogs"}],"status":"sold"},{"id":341,"category":{"id":6,"name":"dogs"},"name":"Sharikk","photoUrls":["string"],"tags":[{"id":6,"name":"dogs"}],"status":"sold"},{"id":56331470,"category":{"id":28262311,"name":"nostrud proident"},"name":"doggie","photoUrls":["sunt dolor veniam aliqua","nulla anim ex"],"tags":[{"id":21515670,"name":"voluptate in elit ani"},{"id":-36858804,"name":"proident non deserunt"}],"status":"sold"},{"id":824,"category":{"id":6,"name":"dogs"},"name":"Sharikk","photoUrls":["string"],"tags":[{"id":6,"name":"dogs"}],"status":"sold"},{"id":85730,"category":{"id":7,"name":"Reptiles"},"name":"?????","photoUrls":["https://dummyimage.com/200x200"],"tags":[{"id":10,"name":"race"}],"status":"sold"},{"id":3708840,"category":{"id":9855812,"name":"Duis in commodo"},"name":"doggie","photoUrls":["minim id in sit","est esse culpa nisi"],"tags":[{"id":-89808508,"name":"sit"},{"id":-5238278,"name":"dolor in"}],"status":"sold"},{"id":91507602,"category":{"id":-95494262,"name":"sit ea"},"name":"doggie","photoUrls":["deserunt","id sint et"],"tags":[{"id":-54029842,"name":"ullamco"},{"id":13198949,"name":"id"}],"status":"sold"},{"id":24093935,"category":{"id":-6714225,"name":"do magna"},"name":"doggie","photoUrls":["aute","velit"],"tags":[{"id":71561130,"name":"deserunt ut occaecat"},{"id":-1195842,"name":"nulla nostrud occaeca"}],"status":"sold"},{"id":3903023,"category":{"id":-56789506,"name":"cillum p"},"name":"doggie","photoUrls":["aliquip Excepteur","commodo dolore consequat eu"],"tags":[{"id":60937326,"name":"irure in"},{"id":20218536,"name":"sint consectetur ad voluptate"}],"status":"sold"},{"id":12365,"category":{"id":333,"name":"????"},"name":"????","photoUrls":["string"],"tags":[{"id":0,"name":"string"}],"status":"sold"},{"id":32149,"category":{"id":777,"name":"?????"},"name":"????","photoUrls":["string"],"tags":[{"id":0,"name":"string"}],"status":"sold"},{"id":9,"category":{"id":0,"name":"cats"},"name":"King Kong","photoUrls":["string"],"tags":[{"id":0,"name":"string"}],"status":"sold"},{"id":12366,"category":{"id":333,"name":"????"},"name":"????","photoUrls":["string"],"tags":[{"id":0,"name":"string"}],"status":"sold"},{"id":32146,"category":{"id":333,"name":"????"},"name":"????","photoUrls":["string"],"tags":[{"id":0,"name":"string"}],"status":"sold"},{"id":32145,"category":{"id":777,"name":"?????"},"name":"","photoUrls":["string"],"tags":[{"id":0,"name":"string"}],"status":"sold"},{"id":63685,"category":{"id":1,"name":"Dogs"},"name":"Pet with sold status","photoUrls":["https://example.com/photo1.jpg","https://example.com/photo2.jpg"],"tags":[{"id":1,"name":"friendly"},{"id":2,"name":"trained"}],"status":"sold"},{"id":1768506958,"category":{"id":1768506958,"name":"dog"},"name":"hello kity","photoUrls":["http://foo.bar.com/1","http://foo.bar.com/2"],"tags":[{"id":1768506958,"name":"blank"}],"status":"sold"},{"id":1768506962,"category":{"id":1768506962,"name":"dog"},"name":"hello kity","photoUrls":["http://foo.bar.com/1","http://foo.bar.com/2"],"tags":[{"id":1768506962,"name":"swagger-codegen-python-pet-tag"}],"status":"sold"},{"id":16,"category":{"id":1,"name":"boy"},"name":"Tom","photoUrls":["https://upload.wikimedia.org/wikipedia/commons/0/0c/Deutscher_Sch%C3%A4ferhund-_portrait.JPG"],"tags":[{"id":16,"name":"nemeckaya ovcharka"}],"status":"sold"},{"id":98765,"category":{"id":111,"name":"?????"},"name":"????","photoUrls":["string"],"tags":[{"id":0,"name":"string"}],"status":"sold"},{"id":3281,"category":{"id":6481,"name":"string"},"name":"23233","photoUrls":["string","string"],"tags":[{"id":3698,"name":"string"},{"id":4749,"name":"string"}],"status":"sold"},{"id":1768510028296,"category":{"id":1,"name":"Dogs"},"name":"Minik","photoUrls":["testdata/pet.jpg"],"tags":[{"id":1,"name":"friendly"}],"status":"sold"},{"id":250103,"category":{"id":1,"name":"Dogs"},"name":"UpdatedDog-250103","photoUrls":["https://example.com/photo1.jpg"],"tags":[{"id":1,"name":"test-tag"}],"status":"sold"},{"id":55559,"category":{"id":1,"name":"Perro"},"name":"Zeus II","photoUrls":[],"tags":[],"status":"sold"}]

15:56:57.647 [main] DEBUG com.jayway.jsonpath.internal.path.CompiledPath - Evaluating path: $[*]['status']
15:56:57.648 [main] INFO com.intuit.karate - [print] [
  {
    "id": 690,
    "category": {
      "id": 6,
      "name": "dogs"
    },
    "name": "Sharikk",
    "photoUrls": [
      "string"
    ],
    "tags": [
      {
        "id": 6,
        "name": "dogs"
      }
    ],
    "status": "sold"
  },
  {
    "id": 13,
    "category": {
      "id": 0,
      "name": "cats"
    },
    "photoUrls": [
      "string"
    ],
    "tags": [
      {
        "id": 0,
        "name": "string"
      }
    ],
    "status": "sold"
  },
  {
    "id": 1004,
    "name": "Rocky",
    "photoUrls": [
    ],
    "tags": [
    ],
    "status": "sold"
  },
  {
    "id": 6,
    "category": {
      "id": 9770,
      "name": "string"
    },
    "name": "doggie",
    "photoUrls": [
      "string",
      "string"
    ],
    "tags": [
      {
        "id": 7376,
        "name": "string"
      },
      {
        "id": 760,
        "name": "string"
      }
    ],
    "status": "sold"
  },
  {
    "id": 601,
    "category": {
      "id": 6,
      "name": "dogs"
    },
    "name": "ala",
    "photoUrls": [
      "string"
    ],
    "tags": [
      {
        "id": 6,
        "name": "dogs"
      }
    ],
    "status": "sold"
  },
  {
    "id": 148,
    "category": {
      "id": 6,
      "name": "dogs"
    },
    "name": "ala",
    "photoUrls": [
      "string"
    ],
    "tags": [
      {
        "id": 6,
        "name": "dogs"
      }
    ],
    "status": "sold"
  },
  {
    "id": 866,
    "category": {
      "id": 6,
      "name": "dogs"
    },
    "name": "ala",
    "photoUrls": [
      "string"
    ],
    "tags": [
      {
        "id": 6,
        "name": "dogs"
      }
    ],
    "status": "sold"
  },
  {
    "id": 610,
    "category": {
      "id": 6,
      "name": "dogs"
    },
    "name": "ala",
    "photoUrls": [
      "string"
    ],
    "tags": [
      {
        "id": 6,
        "name": "dogs"
      }
    ],
    "status": "sold"
  },
  {
    "id": 1768496309,
    "category": {
      "id": 1768496309,
      "name": "dog"
    },
    "name": "hello kity",
    "photoUrls": [
      "http://foo.bar.com/1",
      "http://foo.bar.com/2"
    ],
    "tags": [
      {
        "id": 1768496309,
        "name": "blank"
      }
    ],
    "status": "sold"
  },
  {
    "id": 1768496314,
    "category": {
      "id": 1768496314,
      "name": "dog"
    },
    "name": "hello kity",
    "photoUrls": [
      "http://foo.bar.com/1",
      "http://foo.bar.com/2"
    ],
    "tags": [
      {
        "id": 1768496314,
        "name": "swagger-codegen-python-pet-tag"
      }
    ],
    "status": "sold"
  },
  {
    "id": 894,
    "category": {
      "id": 6,
      "name": "dogs"
    },
    "name": "ala",
    "photoUrls": [
      "string"
    ],
    "tags": [
      {
        "id": 6,
        "name": "dogs"
      }
    ],
    "status": "sold"
  },
  {
    "id": 468,
    "category": {
      "id": 6,
      "name": "dogs"
    },
    "name": "ala",
    "photoUrls": [
      "string"
    ],
    "tags": [
      {
        "id": 6,
        "name": "dogs"
      }
    ],
    "status": "sold"
  },
  {
    "id": 183,
    "category": {
      "id": 6,
      "name": "dogs"
    },
    "name": "ala",
    "photoUrls": [
      "string"
    ],
    "tags": [
      {
        "id": 6,
        "name": "dogs"
      }
    ],
    "status": "sold"
  },
  {
    "id": 204,
    "category": {
      "id": 616,
      "name": "Tasty Metal Pizza"
    },
    "name": "Handcrafted Frozen Ball",
    "photoUrls": [
      "http://placeimg.com/640/480/animals"
    ],
    "tags": [
      {
        "id": 293,
        "name": "delectus"
      },
      {
        "id": 104,
        "name": "in voluptates et"
      }
    ],
    "status": "sold"
  },
  {
    "id": 132,
    "category": {
      "id": 6,
      "name": "dogs"
    },
    "name": "ala",
    "photoUrls": [
      "string"
    ],
    "tags": [
      {
        "id": 6,
        "name": "dogs"
      }
    ],
    "status": "sold"
  },
  {
    "id": 847,
    "category": {
      "id": 6,
      "name": "dogs"
    },
    "name": "ala",
    "photoUrls": [
      "string"
    ],
    "tags": [
      {
        "id": 6,
        "name": "dogs"
      }
    ],
    "status": "sold"
  },
  {
    "id": 209,
    "category": {
      "id": 6,
      "name": "dogs"
    },
    "name": "ala",
    "photoUrls": [
      "string"
    ],
    "tags": [
      {
        "id": 6,
        "name": "dogs"
      }
    ],
    "status": "sold"
  },
  {
    "id": 704,
    "category": {
      "id": 6,
      "name": "dogs"
    },
    "name": "ala",
    "photoUrls": [
      "string"
    ],
    "tags": [
      {
        "id": 6,
        "name": "dogs"
      }
    ],
    "status": "sold"
  },
  {
    "id": 951,
    "category": {
      "id": 6,
      "name": "dogs"
    },
    "name": "ala",
    "photoUrls": [
      "string"
    ],
    "tags": [
      {
        "id": 6,
        "name": "dogs"
      }
    ],
    "status": "sold"
  },
  {
    "id": 75,
    "category": {
      "id": 6,
      "name": "dogs"
    },
    "name": "ala",
    "photoUrls": [
      "string"
    ],
    "tags": [
      {
        "id": 6,
        "name": "dogs"
      }
    ],
    "status": "sold"
  },
  {
    "id": 659,
    "category": {
      "id": 6,
      "name": "dogs"
    },
    "name": "ala",
    "photoUrls": [
      "string"
    ],
    "tags": [
      {
        "id": 6,
        "name": "dogs"
      }
    ],
    "status": "sold"
  },
  {
    "id": 341,
    "category": {
      "id": 6,
      "name": "dogs"
    },
    "name": "Sharikk",
    "photoUrls": [
      "string"
    ],
    "tags": [
      {
        "id": 6,
        "name": "dogs"
      }
    ],
    "status": "sold"
  },
  {
    "id": 56331470,
    "category": {
      "id": 28262311,
      "name": "nostrud proident"
    },
    "name": "doggie",
    "photoUrls": [
      "sunt dolor veniam aliqua",
      "nulla anim ex"
    ],
    "tags": [
      {
        "id": 21515670,
        "name": "voluptate in elit ani"
      },
      {
        "id": -36858804,
        "name": "proident non deserunt"
      }
    ],
    "status": "sold"
  },
  {
    "id": 824,
    "category": {
      "id": 6,
      "name": "dogs"
    },
    "name": "Sharikk",
    "photoUrls": [
      "string"
    ],
    "tags": [
      {
        "id": 6,
        "name": "dogs"
      }
    ],
    "status": "sold"
  },
  {
    "id": 85730,
    "category": {
      "id": 7,
      "name": "Reptiles"
    },
    "name": "?????",
    "photoUrls": [
      "https://dummyimage.com/200x200"
    ],
    "tags": [
      {
        "id": 10,
        "name": "race"
      }
    ],
    "status": "sold"
  },
  {
    "id": 3708840,
    "category": {
      "id": 9855812,
      "name": "Duis in commodo"
    },
    "name": "doggie",
    "photoUrls": [
      "minim id in sit",
      "est esse culpa nisi"
    ],
    "tags": [
      {
        "id": -89808508,
        "name": "sit"
      },
      {
        "id": -5238278,
        "name": "dolor in"
      }
    ],
    "status": "sold"
  },
  {
    "id": 91507602,
    "category": {
      "id": -95494262,
      "name": "sit ea"
    },
    "name": "doggie",
    "photoUrls": [
      "deserunt",
      "id sint et"
    ],
    "tags": [
      {
        "id": -54029842,
        "name": "ullamco"
      },
      {
        "id": 13198949,
        "name": "id"
      }
    ],
    "status": "sold"
  },
  {
    "id": 24093935,
    "category": {
      "id": -6714225,
      "name": "do magna"
    },
    "name": "doggie",
    "photoUrls": [
      "aute",
      "velit"
    ],
    "tags": [
      {
        "id": 71561130,
        "name": "deserunt ut occaecat"
      },
      {
        "id": -1195842,
        "name": "nulla nostrud occaeca"
      }
    ],
    "status": "sold"
  },
  {
    "id": 3903023,
    "category": {
      "id": -56789506,
      "name": "cillum p"
    },
    "name": "doggie",
    "photoUrls": [
      "aliquip Excepteur",
      "commodo dolore consequat eu"
    ],
    "tags": [
      {
        "id": 60937326,
        "name": "irure in"
      },
      {
        "id": 20218536,
        "name": "sint consectetur ad voluptate"
      }
    ],
    "status": "sold"
  },
  {
    "id": 12365,
    "category": {
      "id": 333,
      "name": "????"
    },
    "name": "????",
    "photoUrls": [
      "string"
    ],
    "tags": [
      {
        "id": 0,
        "name": "string"
      }
    ],
    "status": "sold"
  },
  {
    "id": 32149,
    "category": {
      "id": 777,
      "name": "?????"
    },
    "name": "????",
    "photoUrls": [
      "string"
    ],
    "tags": [
      {
        "id": 0,
        "name": "string"
      }
    ],
    "status": "sold"
  },
  {
    "id": 9,
    "category": {
      "id": 0,
      "name": "cats"
    },
    "name": "King Kong",
    "photoUrls": [
      "string"
    ],
    "tags": [
      {
        "id": 0,
        "name": "string"
      }
    ],
    "status": "sold"
  },
  {
    "id": 12366,
    "category": {
      "id": 333,
      "name": "????"
    },
    "name": "????",
    "photoUrls": [
      "string"
    ],
    "tags": [
      {
        "id": 0,
        "name": "string"
      }
    ],
    "status": "sold"
  },
  {
    "id": 32146,
    "category": {
      "id": 333,
      "name": "????"
    },
    "name": "????",
    "photoUrls": [
      "string"
    ],
    "tags": [
      {
        "id": 0,
        "name": "string"
      }
    ],
    "status": "sold"
  },
  {
    "id": 32145,
    "category": {
      "id": 777,
      "name": "?????"
    },
    "name": "",
    "photoUrls": [
      "string"
    ],
    "tags": [
      {
        "id": 0,
        "name": "string"
      }
    ],
    "status": "sold"
  },
  {
    "id": 63685,
    "category": {
      "id": 1,
      "name": "Dogs"
    },
    "name": "Pet with sold status",
    "photoUrls": [
      "https://example.com/photo1.jpg",
      "https://example.com/photo2.jpg"
    ],
    "tags": [
      {
        "id": 1,
        "name": "friendly"
      },
      {
        "id": 2,
        "name": "trained"
      }
    ],
    "status": "sold"
  },
  {
    "id": 1768506958,
    "category": {
      "id": 1768506958,
      "name": "dog"
    },
    "name": "hello kity",
    "photoUrls": [
      "http://foo.bar.com/1",
      "http://foo.bar.com/2"
    ],
    "tags": [
      {
        "id": 1768506958,
        "name": "blank"
      }
    ],
[...]
[THYMELEAF]             * [* {th:longdesc,data-th-longdesc}] [1000]: org.thymeleaf.standard.processor.StandardRemovableAttributeTagProcessor
[THYMELEAF]             * [* {th:accept,data-th-accept}] [1000]: org.thymeleaf.standard.processor.StandardRemovableAttributeTagProcessor
[THYMELEAF]             * [* {th:standby,data-th-standby}] [1000]: org.thymeleaf.standard.processor.StandardRemovableAttributeTagProcessor
[THYMELEAF]             * [* {th:label,data-th-label}] [1000]: org.thymeleaf.standard.processor.StandardRemovableAttributeTagProcessor
[THYMELEAF]             * [* {th:cols,data-th-cols}] [1000]: org.thymeleaf.standard.processor.StandardRemovableAttributeTagProcessor
[THYMELEAF]             * [* {th:manifest,data-th-manifest}] [1000]: org.thymeleaf.standard.processor.StandardRemovableAttributeTagProcessor
[THYMELEAF]             * [* {th:kind,data-th-kind}] [1000]: org.thymeleaf.standard.processor.StandardRemovableAttributeTagProcessor
[THYMELEAF]             * [* {th:placeholder,data-th-placeholder}] [1000]: org.thymeleaf.standard.processor.StandardRemovableAttributeTagProcessor
[THYMELEAF]             * [* {th:list,data-th-list}] [1000]: org.thymeleaf.standard.processor.StandardRemovableAttributeTagProcessor
[THYMELEAF]             * [* {th:classid,data-th-classid}] [1000]: org.thymeleaf.standard.processor.StandardRemovableAttributeTagProcessor
[THYMELEAF]             * [* {th:frame,data-th-frame}] [1000]: org.thymeleaf.standard.processor.StandardRemovableAttributeTagProcessor
[THYMELEAF]             * [* {th:pattern,data-th-pattern}] [1000]: org.thymeleaf.standard.processor.StandardRemovableAttributeTagProcessor
[THYMELEAF]             * [* {th:min,data-th-min}] [1000]: org.thymeleaf.standard.processor.StandardRemovableAttributeTagProcessor
[THYMELEAF]             * [* {th:headers,data-th-headers}] [1000]: org.thymeleaf.standard.processor.StandardRemovableAttributeTagProcessor
[THYMELEAF]             * [* {th:draggable,data-th-draggable}] [1000]: org.thymeleaf.standard.processor.StandardRemovableAttributeTagProcessor
[THYMELEAF]             * [* {th:hreflang,data-th-hreflang}] [1000]: org.thymeleaf.standard.processor.StandardRemovableAttributeTagProcessor
[THYMELEAF]             * [* {th:formenctype,data-th-formenctype}] [1000]: org.thymeleaf.standard.processor.StandardRemovableAttributeTagProcessor
[THYMELEAF]             * [* {th:rules,data-th-rules}] [1000]: org.thymeleaf.standard.processor.StandardRemovableAttributeTagProcessor
[THYMELEAF]             * [* {th:rev,data-th-rev}] [1000]: org.thymeleaf.standard.processor.StandardRemovableAttributeTagProcessor
[THYMELEAF]             * [* {th:height,data-th-height}] [1000]: org.thymeleaf.standard.processor.StandardRemovableAttributeTagProcessor
[THYMELEAF]             * [* {th:form,data-th-form}] [1000]: org.thymeleaf.standard.processor.StandardRemovableAttributeTagProcessor
[THYMELEAF]             * [* {th:archive,data-th-archive}] [1000]: org.thymeleaf.standard.processor.StandardRemovableAttributeTagProcessor
[THYMELEAF]             * [* {th:icon,data-th-icon}] [1000]: org.thymeleaf.standard.processor.StandardRemovableAttributeTagProcessor
[THYMELEAF]             * [* {th:background,data-th-background}] [1000]: org.thymeleaf.standard.processor.StandardRemovableAttributeTagProcessor
[THYMELEAF]             * [* {th:keytype,data-th-keytype}] [1000]: org.thymeleaf.standard.processor.StandardRemovableAttributeTagProcessor
[THYMELEAF]             * [* {th:formaction,data-th-formaction}] [1000]: org.thymeleaf.standard.processor.StandardRemovableAttributeTagProcessor
[THYMELEAF]             * [* {th:scheme,data-th-scheme}] [1000]: org.thymeleaf.standard.processor.StandardRemovableAttributeTagProcessor
[THYMELEAF]             * [* {th:colspan,data-th-colspan}] [1000]: org.thymeleaf.standard.processor.StandardRemovableAttributeTagProcessor
[THYMELEAF]             * [* {th:vspace,data-th-vspace}] [1000]: org.thymeleaf.standard.processor.StandardRemovableAttributeTagProcessor
[THYMELEAF]             * [* {th:accept-charset,data-th-accept-charset}] [1000]: org.thymeleaf.standard.processor.StandardRemovableAttributeTagProcessor
[THYMELEAF]             * [* {th:enctype,data-th-enctype}] [1000]: org.thymeleaf.standard.processor.StandardRemovableAttributeTagProcessor
[THYMELEAF]             * [* {th:size,data-th-size}] [1000]: org.thymeleaf.standard.processor.StandardRemovableAttributeTagProcessor
[THYMELEAF]             * [* {th:usemap,data-th-usemap}] [1000]: org.thymeleaf.standard.processor.StandardRemovableAttributeTagProcessor
[THYMELEAF]             * [* {th:hspace,data-th-hspace}] [1000]: org.thymeleaf.standard.processor.StandardRemovableAttributeTagProcessor
[THYMELEAF]             * [* {th:preload,data-th-preload}] [1000]: org.thymeleaf.standard.processor.StandardRemovableAttributeTagProcessor
[THYMELEAF]             * [* {th:scrolling,data-th-scrolling}] [1000]: org.thymeleaf.standard.processor.StandardRemovableAttributeTagProcessor
[THYMELEAF]             * [* {th:marginheight,data-th-marginheight}] [1000]: org.thymeleaf.standard.processor.StandardRemovableAttributeTagProcessor
[THYMELEAF]             * [* {th:src,data-th-src}] [1000]: org.thymeleaf.standard.processor.StandardSrcTagProcessor
[THYMELEAF]             * [* {th:value,data-th-value}] [1000]: org.thymeleaf.standard.processor.StandardValueTagProcessor
[THYMELEAF]             * [* {th:xmlbase,data-th-xmlbase}] [1000]: org.thymeleaf.standard.processor.StandardXmlBaseTagProcessor
[THYMELEAF]             * [* {th:xmllang,data-th-xmllang}] [1000]: org.thymeleaf.standard.processor.StandardXmlLangTagProcessor
[THYMELEAF]             * [* {xmlns:th}] [1000]: org.thymeleaf.standard.processor.StandardXmlNsTagProcessor
[THYMELEAF]             * [* {th:xmlspace,data-th-xmlspace}] [1000]: org.thymeleaf.standard.processor.StandardXmlSpaceTagProcessor
[THYMELEAF]             * [* {th:classappend,data-th-classappend}] [1100]: org.thymeleaf.standard.processor.StandardClassappendTagProcessor
[THYMELEAF]             * [* {th:styleappend,data-th-styleappend}] [1100]: org.thymeleaf.standard.processor.StandardStyleappendTagProcessor
[THYMELEAF]             * [* {th:text,data-th-text}] [1300]: org.thymeleaf.standard.processor.StandardTextTagProcessor
[THYMELEAF]             * [* {th:utext,data-th-utext}] [1400]: org.thymeleaf.standard.processor.StandardUtextTagProcessor
[THYMELEAF]             * [* {th:fragment,data-th-fragment}] [1500]: org.thymeleaf.standard.processor.StandardFragmentTagProcessor
[THYMELEAF]             * [* {th:assert,data-th-assert}] [1550]: org.thymeleaf.standard.processor.StandardAssertTagProcessor
[THYMELEAF]             * [* {th:remove,data-th-remove}] [1600]: org.thymeleaf.standard.processor.StandardRemoveTagProcessor
[THYMELEAF]             * [* {th:ref,data-th-ref}] [10000]: org.thymeleaf.standard.processor.StandardRefAttributeTagProcessor
[THYMELEAF]             * [{th:block,th-block} *] [100000]: org.thymeleaf.standard.processor.StandardBlockTagProcessor
[THYMELEAF]             * [* th:*] [2147483647]: org.thymeleaf.standard.processor.StandardDefaultAttributesTagProcessor
[THYMELEAF]         * Text Processors by [precedence]:
[THYMELEAF]             * [1000]: org.thymeleaf.standard.processor.StandardInliningTextProcessor
[THYMELEAF]         * DOCTYPE Processors by [precedence]:
[THYMELEAF]             * [1000]: org.thymeleaf.standard.processor.StandardTranslationDocTypeProcessor
[THYMELEAF]         * CDATA Section Processors by [precedence]:
[THYMELEAF]             * [1000]: org.thymeleaf.standard.processor.StandardInliningCDATASectionProcessor
[THYMELEAF]         * Comment Processors by [precedence]:
[THYMELEAF]             * [1000]: org.thymeleaf.standard.processor.StandardInliningCommentProcessor
[THYMELEAF]             * [1100]: org.thymeleaf.standard.processor.StandardConditionalCommentProcessor
[THYMELEAF]     * Processors for Template Mode: XML
[THYMELEAF]         * Element Tag Processors by [matching element and attribute name] [precedence]:
[THYMELEAF]             * [* {th:include}] [100]: org.thymeleaf.standard.processor.StandardIncludeTagProcessor
[THYMELEAF]             * [* {th:insert}] [100]: org.thymeleaf.standard.processor.StandardInsertTagProcessor
[THYMELEAF]             * [* {th:replace}] [100]: org.thymeleaf.standard.processor.StandardReplaceTagProcessor
[THYMELEAF]             * [* {th:substituteby}] [100]: org.thymeleaf.standard.processor.StandardSubstituteByTagProcessor
[THYMELEAF]             * [* {th:each}] [200]: com.intuit.karate.template.KarateEachTagProcessor
[THYMELEAF]             * [* {th:switch}] [250]: org.thymeleaf.standard.processor.StandardSwitchTagProcessor
[THYMELEAF]             * [* {th:case}] [275]: org.thymeleaf.standard.processor.StandardCaseTagProcessor
[THYMELEAF]             * [* {th:if}] [300]: org.thymeleaf.standard.processor.StandardIfTagProcessor
[THYMELEAF]             * [* {th:unless}] [400]: org.thymeleaf.standard.processor.StandardUnlessTagProcessor
[THYMELEAF]             * [* {th:object}] [500]: org.thymeleaf.standard.processor.StandardObjectTagProcessor
[THYMELEAF]             * [* {th:with}] [600]: com.intuit.karate.template.KarateWithTagProcessor
[THYMELEAF]             * [* {th:attr}] [700]: com.intuit.karate.template.KarateAttributeTagProcessor.KarateAttrTagProcessor
[THYMELEAF]             * [* {th:attrappend}] [900]: com.intuit.karate.template.KarateAttributeTagProcessor.KarateAttrappendTagProcessor
[THYMELEAF]             * [* {th:attrprepend}] [900]: com.intuit.karate.template.KarateAttributeTagProcessor.KarateAttrprependTagProcessor
[THYMELEAF]             * [* {th:inline}] [1000]: org.thymeleaf.standard.processor.StandardInlineXMLTagProcessor
[THYMELEAF]             * [* {xmlns:th}] [1000]: org.thymeleaf.standard.processor.StandardXmlNsTagProcessor
[THYMELEAF]             * [* {th:text}] [1300]: org.thymeleaf.standard.processor.StandardTextTagProcessor
[THYMELEAF]             * [* {th:utext}] [1400]: org.thymeleaf.standard.processor.StandardUtextTagProcessor
[THYMELEAF]             * [* {th:fragment}] [1500]: org.thymeleaf.standard.processor.StandardFragmentTagProcessor
[THYMELEAF]             * [* {th:assert}] [1550]: org.thymeleaf.standard.processor.StandardAssertTagProcessor
[THYMELEAF]             * [* {th:remove}] [1600]: org.thymeleaf.standard.processor.StandardRemoveTagProcessor
[THYMELEAF]             * [* {th:ref}] [10000]: org.thymeleaf.standard.processor.StandardRefAttributeTagProcessor
[THYMELEAF]             * [{th:block} *] [100000]: org.thymeleaf.standard.processor.StandardBlockTagProcessor
[THYMELEAF]             * [* th:*] [2147483647]: org.thymeleaf.standard.processor.StandardDefaultAttributesTagProcessor
[THYMELEAF]         * Text Processors by [precedence]:
[THYMELEAF]             * [1000]: org.thymeleaf.standard.processor.StandardInliningTextProcessor
[THYMELEAF]         * CDATA Section Processors by [precedence]:
[THYMELEAF]             * [1000]: org.thymeleaf.standard.processor.StandardInliningCDATASectionProcessor
[THYMELEAF]         * Comment Processors by [precedence]:
[THYMELEAF]             * [1000]: org.thymeleaf.standard.processor.StandardInliningCommentProcessor
[THYMELEAF]     * Processors for Template Mode: TEXT
[THYMELEAF]         * Element Tag Processors by [matching element and attribute name] [precedence]:
[THYMELEAF]             * [* {th:insert}] [100]: org.thymeleaf.standard.processor.StandardInsertTagProcessor
[THYMELEAF]             * [* {th:replace}] [100]: org.thymeleaf.standard.processor.StandardReplaceTagProcessor
[THYMELEAF]             * [* {th:each}] [200]: com.intuit.karate.template.KarateEachTagProcessor
[THYMELEAF]             * [* {th:switch}] [250]: org.thymeleaf.standard.processor.StandardSwitchTagProcessor
[THYMELEAF]             * [* {th:case}] [275]: org.thymeleaf.standard.processor.StandardCaseTagProcessor
[THYMELEAF]             * [* {th:if}] [300]: org.thymeleaf.standard.processor.StandardIfTagProcessor
[THYMELEAF]             * [* {th:unless}] [400]: org.thymeleaf.standard.processor.StandardUnlessTagProcessor
[THYMELEAF]             * [* {th:object}] [500]: org.thymeleaf.standard.processor.StandardObjectTagProcessor
[THYMELEAF]             * [* {th:with}] [600]: com.intuit.karate.template.KarateWithTagProcessor
[THYMELEAF]             * [* {th:inline}] [1000]: org.thymeleaf.standard.processor.StandardInlineTextualTagProcessor
[THYMELEAF]             * [* {th:text}] [1300]: org.thymeleaf.standard.processor.StandardTextTagProcessor
[THYMELEAF]             * [* {th:utext}] [1400]: org.thymeleaf.standard.processor.StandardUtextTagProcessor
[THYMELEAF]             * [* {th:assert}] [1550]: org.thymeleaf.standard.processor.StandardAssertTagProcessor
[THYMELEAF]             * [* {th:remove}] [1600]: org.thymeleaf.standard.processor.StandardRemoveTagProcessor
[THYMELEAF]             * [{th:block} *] [100000]: org.thymeleaf.standard.processor.StandardBlockTagProcessor
[THYMELEAF]             * [* 100000] [org.thymeleaf.standard.processor.StandardBlockTagProcessor]: {}
[THYMELEAF]         * Text Processors by [precedence]:
[THYMELEAF]             * [1000]: org.thymeleaf.standard.processor.StandardInliningTextProcessor
[THYMELEAF]     * Processors for Template Mode: JAVASCRIPT
[THYMELEAF]         * Element Tag Processors by [matching element and attribute name] [precedence]:
[THYMELEAF]             * [* {th:insert}] [100]: org.thymeleaf.standard.processor.StandardInsertTagProcessor
[THYMELEAF]             * [* {th:replace}] [100]: org.thymeleaf.standard.processor.StandardReplaceTagProcessor
[THYMELEAF]             * [* {th:each}] [200]: com.intuit.karate.template.KarateEachTagProcessor
[THYMELEAF]             * [* {th:switch}] [250]: org.thymeleaf.standard.processor.StandardSwitchTagProcessor
[THYMELEAF]             * [* {th:case}] [275]: org.thymeleaf.standard.processor.StandardCaseTagProcessor
[THYMELEAF]             * [* {th:if}] [300]: org.thymeleaf.standard.processor.StandardIfTagProcessor
[THYMELEAF]             * [* {th:unless}] [400]: org.thymeleaf.standard.processor.StandardUnlessTagProcessor
[THYMELEAF]             * [* {th:object}] [500]: org.thymeleaf.standard.processor.StandardObjectTagProcessor
[THYMELEAF]             * [* {th:with}] [600]: com.intuit.karate.template.KarateWithTagProcessor
[THYMELEAF]             * [* {th:inline}] [1000]: org.thymeleaf.standard.processor.StandardInlineTextualTagProcessor
[THYMELEAF]             * [* {th:text}] [1300]: org.thymeleaf.standard.processor.StandardTextTagProcessor
[THYMELEAF]             * [* {th:utext}] [1400]: org.thymeleaf.standard.processor.StandardUtextTagProcessor
[THYMELEAF]             * [* {th:assert}] [1550]: org.thymeleaf.standard.processor.StandardAssertTagProcessor
[THYMELEAF]             * [* {th:remove}] [1600]: org.thymeleaf.standard.processor.StandardRemoveTagProcessor
[THYMELEAF]             * [* 100000] [org.thymeleaf.standard.processor.StandardBlockTagProcessor]: {}
[THYMELEAF]             * [{th:block} *] [100000]: org.thymeleaf.standard.processor.StandardBlockTagProcessor
[THYMELEAF]         * Text Processors by [precedence]:
[THYMELEAF]             * [1000]: org.thymeleaf.standard.processor.StandardInliningTextProcessor
[THYMELEAF]     * Processors for Template Mode: CSS
[THYMELEAF]         * Element Tag Processors by [matching element and attribute name] [precedence]:
[THYMELEAF]             * [* {th:insert}] [100]: org.thymeleaf.standard.processor.StandardInsertTagProcessor
[THYMELEAF]             * [* {th:replace}] [100]: org.thymeleaf.standard.processor.StandardReplaceTagProcessor
[THYMELEAF]             * [* {th:each}] [200]: com.intuit.karate.template.KarateEachTagProcessor
[THYMELEAF]             * [* {th:switch}] [250]: org.thymeleaf.standard.processor.StandardSwitchTagProcessor
[THYMELEAF]             * [* {th:case}] [275]: org.thymeleaf.standard.processor.StandardCaseTagProcessor
[THYMELEAF]             * [* {th:if}] [300]: org.thymeleaf.standard.processor.StandardIfTagProcessor
[THYMELEAF]             * [* {th:unless}] [400]: org.thymeleaf.standard.processor.StandardUnlessTagProcessor
[THYMELEAF]             * [* {th:object}] [500]: org.thymeleaf.standard.processor.StandardObjectTagProcessor
[THYMELEAF]             * [* {th:with}] [600]: com.intuit.karate.template.KarateWithTagProcessor
[THYMELEAF]             * [* {th:inline}] [1000]: org.thymeleaf.standard.processor.StandardInlineTextualTagProcessor
[THYMELEAF]             * [* {th:text}] [1300]: org.thymeleaf.standard.processor.StandardTextTagProcessor
[THYMELEAF]             * [* {th:utext}] [1400]: org.thymeleaf.standard.processor.StandardUtextTagProcessor
[THYMELEAF]             * [* {th:assert}] [1550]: org.thymeleaf.standard.processor.StandardAssertTagProcessor
[THYMELEAF]             * [* {th:remove}] [1600]: org.thymeleaf.standard.processor.StandardRemoveTagProcessor
[THYMELEAF]             * [* 100000] [org.thymeleaf.standard.processor.StandardBlockTagProcessor]: {}
[THYMELEAF]             * [{th:block} *] [100000]: org.thymeleaf.standard.processor.StandardBlockTagProcessor
[THYMELEAF]         * Text Processors by [precedence]:
[THYMELEAF]             * [1000]: org.thymeleaf.standard.processor.StandardInliningTextProcessor
[THYMELEAF]     * Expression Objects:
[THYMELEAF]         * #ctx
[THYMELEAF]         * #root
[THYMELEAF]         * #vars
[THYMELEAF]         * #object
[THYMELEAF]         * #locale
[THYMELEAF]         * #request
[THYMELEAF]         * #response
[THYMELEAF]         * #session
[THYMELEAF]         * #servletContext
[THYMELEAF]         * #conversions
[THYMELEAF]         * #uris
[THYMELEAF]         * #calendars
[THYMELEAF]         * #dates
[THYMELEAF]         * #bools
[THYMELEAF]         * #numbers
[THYMELEAF]         * #objects
[THYMELEAF]         * #strings
[THYMELEAF]         * #arrays
[THYMELEAF]         * #lists
[THYMELEAF]         * #sets
[THYMELEAF]         * #maps
[THYMELEAF]         * #aggregates
[THYMELEAF]         * #messages
[THYMELEAF]         * #ids
[THYMELEAF]         * #execInfo
[THYMELEAF]         * #httpServletRequest
[THYMELEAF]         * #httpSession
[THYMELEAF]     * Execution Attributes:
[THYMELEAF]         * "StandardExpressionParser": com.intuit.karate.template.KarateStandardDialect@349f3ff7
[THYMELEAF]         * "StandardJavaScriptSerializer": org.thymeleaf.standard.serializer.StandardJavaScriptSerializer@7d7d8911
[THYMELEAF]         * "StandardCSSSerializer": org.thymeleaf.standard.serializer.StandardCSSSerializer@460eb276
[THYMELEAF]         * "StandardVariableExpressionEvaluator": com.intuit.karate.template.KarateStandardDialect@349f3ff7
[THYMELEAF]         * "StandardConversionService": org.thymeleaf.standard.expression.StandardConversionService@4ffe3d42
[THYMELEAF] * Dialect [2 of 2]: karate (com.intuit.karate.template.KarateScriptDialect)
[THYMELEAF]     * Prefix: "ka"
[THYMELEAF]     * Processors for Template Mode: HTML
[THYMELEAF]         * Element Tag Processors by [matching element and attribute name] [precedence]:
[THYMELEAF]             * [* {src}] [1000]: com.intuit.karate.template.KaScriptAttrProcessor
[THYMELEAF]         * Element Model Processors by [matching element and attribute name] [precedence]:
[THYMELEAF]             * [{script} {ka:scope,data-ka-scope}] [1000]: com.intuit.karate.template.KaScriptElemProcessor
[THYMELEAF]             * [* {ka:set,data-ka-set}] [1000]: com.intuit.karate.template.KaSetElemProcessor
[THYMELEAF] TEMPLATE ENGINE CONFIGURED OK
15:56:58.355 [main] DEBUG org.thymeleaf.TemplateEngine - [THYMELEAF] TEMPLATE ENGINE INITIALIZED

HTML report: (paste into browser to view) | Karate version: 1.4.0
file:///C:/Users/joseo/Downloads/Pruebas%20QA/Karate-PetShop-main/karate-petstore/target/karate-reports/karate-summary.html
===================================================================

]]></system-out>
  </testcase>
</testsuite>